[2025-09-25T04:11:54.156Z] 🚀 누락된 아파트 데이터 수집 시작
[2025-09-25T04:11:54.157Z] 처리 대상: 5개 아파트 (offset: 0)
[2025-09-25T04:11:54.158Z] 📋 누락된 아파트 조회 중... (limit: 5, offset: 0)
[2025-09-25T04:11:54.807Z] 📊 조회 완료: 5개 아파트
[2025-09-25T04:11:54.808Z] 📋 수집 대상: 5개 아파트
[2025-09-25T04:11:54.810Z] 
📦 배치 1 처리 중 (5개 아파트)
[2025-09-25T04:11:54.812Z] 
🏢 처리 중: 은평뉴타운상림마을6단지 제1아파트(8단지 푸르지오) (A12220001)
[2025-09-25T04:11:54.813Z] API 호출: 은평뉴타운상림마을6단지 제1아파트(8단지 푸르지오) (A12220001)
[2025-09-25T04:11:54.959Z] ERROR API 호출 실패: 은평뉴타운상림마을6단지 제1아파트(8단지 푸르지오) (A12220001): Unexpected token '<', "<OpenAPI_S"... is not valid JSON
[2025-09-25T04:11:56.968Z] 
🏢 처리 중: 경희궁의아침4단지 (A10021295)
[2025-09-25T04:11:56.979Z] API 호출: 경희궁의아침4단지 (A10021295)
[2025-09-25T04:11:57.006Z] ERROR API 호출 실패: 경희궁의아침4단지 (A10021295): Unexpected token '<', "<OpenAPI_S"... is not valid JSON
[2025-09-25T04:11:59.016Z] 
🏢 처리 중: 경희궁파크팰리스 (A10021652)
[2025-09-25T04:11:59.018Z] API 호출: 경희궁파크팰리스 (A10021652)
[2025-09-25T04:11:59.043Z] ERROR API 호출 실패: 경희궁파크팰리스 (A10021652): Unexpected token '<', "<OpenAPI_S"... is not valid JSON
[2025-09-25T04:12:01.051Z] 
🏢 처리 중: 경희궁의아침2단지 (A11087101)
[2025-09-25T04:12:01.053Z] API 호출: 경희궁의아침2단지 (A11087101)
[2025-09-25T04:12:01.078Z] ERROR API 호출 실패: 경희궁의아침2단지 (A11087101): Unexpected token '<', "<OpenAPI_S"... is not valid JSON
[2025-09-25T04:12:03.092Z] 
🏢 처리 중: 광화문스페이스본 아파트 (A11005401)
[2025-09-25T04:12:03.093Z] API 호출: 광화문스페이스본 아파트 (A11005401)
[2025-09-25T04:12:03.128Z] ERROR API 호출 실패: 광화문스페이스본 아파트 (A11005401): Unexpected token '<', "<OpenAPI_S"... is not valid JSON
[2025-09-25T04:12:05.135Z] ✅ 배치 1 완료
[2025-09-25T04:12:05.136Z] 
🎯 데이터 수집 완료
[2025-09-25T04:12:05.137Z] 📊 총 처리: 5건
[2025-09-25T04:12:05.138Z] 💾 저장 성공: 0건
[2025-09-25T04:12:05.139Z] ❌ 에러: 5건
[2025-09-25T04:12:05.139Z] 📁 로그 파일: E:\aegis_dx\reference\aptinfo\apartment-collection-2025-09-25.log
[2025-09-25T04:12:05.140Z] 아파트 데이터 수집 스크립트 완료
