[2025-09-25T00:01:30.899Z] π€ λ°°μΉ μμ§‘ μ‹μ‘: 2024λ…„ 1, 2μ›”
[2025-09-25T00:01:30.901Z] μ²λ¦¬ λ€μƒ: 5κ° μ•„ννΈ (offset: 0)
[2025-09-25T00:01:31.574Z] π“ μ΅°νλ μ•„ννΈ μ: 5κ°
[2025-09-25T00:01:31.576Z] 
π“ μ²λ¦¬ μ¤‘: μ€ν‰λ‰΄νƒ€μ΄μƒλ¦Όλ§μ„6λ‹¨μ§€ μ 1μ•„ννΈ(8λ‹¨μ§€ ν‘Έλ¥΄μ§€μ¤) (A12220001)
[2025-09-25T00:01:34.370Z] A12220001 2024-1: 30,290,428μ› (μ„±κ³µλ¥ : 100.00%)
[2025-09-25T00:01:34.518Z] β… DB μ €μ¥ μ™„λ£: A12220001 2024-1
[2025-09-25T00:01:37.697Z] A12220001 2024-2: 29,280,950μ› (μ„±κ³µλ¥ : 100.00%)
[2025-09-25T00:01:37.778Z] β… DB μ €μ¥ μ™„λ£: A12220001 2024-2
[2025-09-25T00:01:38.793Z] β… μ™„λ£: μ€ν‰λ‰΄νƒ€μ΄μƒλ¦Όλ§μ„6λ‹¨μ§€ μ 1μ•„ννΈ(8λ‹¨μ§€ ν‘Έλ¥΄μ§€μ¤) - 2κ°μ›” μ²λ¦¬
[2025-09-25T00:01:38.798Z] 
π“ μ²λ¦¬ μ¤‘: κ²½ν¬κ¶μμ•„μΉ¨4λ‹¨μ§€ (A10021295)
[2025-09-25T00:01:41.360Z] A10021295 2024-1: 0μ› (μ„±κ³µλ¥ : 100.00%)
[2025-09-25T00:01:41.406Z] β… DB μ €μ¥ μ™„λ£: A10021295 2024-1
[2025-09-25T00:01:44.767Z] A10021295 2024-2: 0μ› (μ„±κ³µλ¥ : 100.00%)
[2025-09-25T00:01:44.817Z] β… DB μ €μ¥ μ™„λ£: A10021295 2024-2
[2025-09-25T00:01:45.824Z] β… μ™„λ£: κ²½ν¬κ¶μμ•„μΉ¨4λ‹¨μ§€ - 2κ°μ›” μ²λ¦¬
[2025-09-25T00:01:45.826Z] 
π“ μ²λ¦¬ μ¤‘: κ²½ν¬κ¶νν¬ν°λ¦¬μ¤ (A10021652)
[2025-09-25T00:01:48.032Z] A10021652 2024-1: 0μ› (μ„±κ³µλ¥ : 100.00%)
[2025-09-25T00:01:48.092Z] β… DB μ €μ¥ μ™„λ£: A10021652 2024-1
[2025-09-25T00:01:51.296Z] A10021652 2024-2: 0μ› (μ„±κ³µλ¥ : 100.00%)
[2025-09-25T00:01:51.361Z] β… DB μ €μ¥ μ™„λ£: A10021652 2024-2
[2025-09-25T00:01:52.363Z] β… μ™„λ£: κ²½ν¬κ¶νν¬ν°λ¦¬μ¤ - 2κ°μ›” μ²λ¦¬
[2025-09-25T00:01:52.364Z] 
π“ μ²λ¦¬ μ¤‘: κ²½ν¬κ¶μμ•„μΉ¨2λ‹¨μ§€ (A11087101)
[2025-09-25T00:01:54.548Z] A11087101 2024-1: 0μ› (μ„±κ³µλ¥ : 100.00%)
[2025-09-25T00:01:54.600Z] β… DB μ €μ¥ μ™„λ£: A11087101 2024-1
[2025-09-25T00:01:57.891Z] A11087101 2024-2: 0μ› (μ„±κ³µλ¥ : 100.00%)
[2025-09-25T00:01:57.953Z] β… DB μ €μ¥ μ™„λ£: A11087101 2024-2
[2025-09-25T00:01:58.966Z] β… μ™„λ£: κ²½ν¬κ¶μμ•„μΉ¨2λ‹¨μ§€ - 2κ°μ›” μ²λ¦¬
[2025-09-25T00:01:58.968Z] 
π“ μ²λ¦¬ μ¤‘: κ΄‘ν™”λ¬Έμ¤νμ΄μ¤λ³Έ μ•„ννΈ (A11005401)
[2025-09-25T00:02:01.095Z] A11005401 2024-1: 204,028,830μ› (μ„±κ³µλ¥ : 100.00%)
[2025-09-25T00:02:01.172Z] β… DB μ €μ¥ μ™„λ£: A11005401 2024-1
[2025-09-25T00:02:06.220Z] A11005401 2024-2: 180,180,237μ› (μ„±κ³µλ¥ : 100.00%)
[2025-09-25T00:02:06.351Z] β… DB μ €μ¥ μ™„λ£: A11005401 2024-2
[2025-09-25T00:02:07.356Z] β… μ™„λ£: κ΄‘ν™”λ¬Έμ¤νμ΄μ¤λ³Έ μ•„ννΈ - 2κ°μ›” μ²λ¦¬
[2025-09-25T00:02:07.357Z] 
π― λ°°μΉ μμ§‘ μ™„λ£
[2025-09-25T00:02:07.358Z] π“ μ΄ μ²λ¦¬: 10κ±΄
[2025-09-25T00:02:07.359Z] π’Ύ μ €μ¥ μ„±κ³µ: 10κ±΄
[2025-09-25T00:02:07.360Z] β μ—λ¬: 0κ±΄
[2025-09-25T00:02:07.361Z] π“ λ΅κ·Έ νμΌ: E:\aegis_dx\reference\aptinfo\batch-collection-2025-09-25.log
[2025-09-25T00:02:07.362Z] λ°°μΉ μμ§‘ μ¤ν¬λ¦½νΈ μ™„λ£
[2025-09-25T00:02:26.921Z] π€ λ°°μΉ μμ§‘ μ‹μ‘: 2024λ…„ 1, 2μ›”
[2025-09-25T00:02:26.922Z] μ²λ¦¬ λ€μƒ: 100κ° μ•„ννΈ (offset: 0)
[2025-09-25T00:02:27.600Z] π“ μ΅°νλ μ•„ννΈ μ: 100κ°
[2025-09-25T00:02:27.600Z] 
π“ μ²λ¦¬ μ¤‘: μ€ν‰λ‰΄νƒ€μ΄μƒλ¦Όλ§μ„6λ‹¨μ§€ μ 1μ•„ννΈ(8λ‹¨μ§€ ν‘Έλ¥΄μ§€μ¤) (A12220001)
[2025-09-25T00:02:29.982Z] A12220001 2024-1: 30,290,428μ› (μ„±κ³µλ¥ : 100.00%)
[2025-09-25T00:02:30.169Z] β… DB μ €μ¥ μ™„λ£: A12220001 2024-1
[2025-09-25T00:02:33.408Z] A12220001 2024-2: 29,280,950μ› (μ„±κ³µλ¥ : 100.00%)
[2025-09-25T00:02:33.563Z] β… DB μ €μ¥ μ™„λ£: A12220001 2024-2
[2025-09-25T00:02:34.574Z] β… μ™„λ£: μ€ν‰λ‰΄νƒ€μ΄μƒλ¦Όλ§μ„6λ‹¨μ§€ μ 1μ•„ννΈ(8λ‹¨μ§€ ν‘Έλ¥΄μ§€μ¤) - 2κ°μ›” μ²λ¦¬
[2025-09-25T00:02:34.576Z] 
π“ μ²λ¦¬ μ¤‘: κ²½ν¬κ¶μμ•„μΉ¨4λ‹¨μ§€ (A10021295)
[2025-09-25T00:02:36.939Z] A10021295 2024-1: 0μ› (μ„±κ³µλ¥ : 100.00%)
[2025-09-25T00:02:37.033Z] β… DB μ €μ¥ μ™„λ£: A10021295 2024-1
[2025-09-25T00:02:40.226Z] A10021295 2024-2: 0μ› (μ„±κ³µλ¥ : 100.00%)
[2025-09-25T00:02:40.305Z] β… DB μ €μ¥ μ™„λ£: A10021295 2024-2
[2025-09-25T00:02:41.324Z] β… μ™„λ£: κ²½ν¬κ¶μμ•„μΉ¨4λ‹¨μ§€ - 2κ°μ›” μ²λ¦¬
[2025-09-25T00:02:41.332Z] 
π“ μ²λ¦¬ μ¤‘: κ²½ν¬κ¶νν¬ν°λ¦¬μ¤ (A10021652)
[2025-09-25T00:02:43.454Z] A10021652 2024-1: 0μ› (μ„±κ³µλ¥ : 100.00%)
[2025-09-25T00:02:43.578Z] β… DB μ €μ¥ μ™„λ£: A10021652 2024-1
[2025-09-25T00:02:46.843Z] A10021652 2024-2: 0μ› (μ„±κ³µλ¥ : 100.00%)
[2025-09-25T00:02:46.909Z] β… DB μ €μ¥ μ™„λ£: A10021652 2024-2
[2025-09-25T00:02:47.918Z] β… μ™„λ£: κ²½ν¬κ¶νν¬ν°λ¦¬μ¤ - 2κ°μ›” μ²λ¦¬
[2025-09-25T00:02:47.920Z] 
π“ μ²λ¦¬ μ¤‘: κ²½ν¬κ¶μμ•„μΉ¨2λ‹¨μ§€ (A11087101)
[2025-09-25T00:02:50.743Z] A11087101 2024-1: 0μ› (μ„±κ³µλ¥ : 100.00%)
[2025-09-25T00:02:50.808Z] β… DB μ €μ¥ μ™„λ£: A11087101 2024-1
[2025-09-25T00:02:53.952Z] A11087101 2024-2: 0μ› (μ„±κ³µλ¥ : 100.00%)
[2025-09-25T00:02:54.034Z] β… DB μ €μ¥ μ™„λ£: A11087101 2024-2
[2025-09-25T00:02:55.044Z] β… μ™„λ£: κ²½ν¬κ¶μμ•„μΉ¨2λ‹¨μ§€ - 2κ°μ›” μ²λ¦¬
[2025-09-25T00:02:55.046Z] 
π“ μ²λ¦¬ μ¤‘: κ΄‘ν™”λ¬Έμ¤νμ΄μ¤λ³Έ μ•„ννΈ (A11005401)
[2025-09-25T00:02:57.202Z] A11005401 2024-1: 204,028,830μ› (μ„±κ³µλ¥ : 100.00%)
[2025-09-25T00:02:57.287Z] β… DB μ €μ¥ μ™„λ£: A11005401 2024-1
[2025-09-25T00:03:00.656Z] A11005401 2024-2: 180,180,237μ› (μ„±κ³µλ¥ : 100.00%)
[2025-09-25T00:03:00.713Z] β… DB μ €μ¥ μ™„λ£: A11005401 2024-2
[2025-09-25T00:03:01.716Z] β… μ™„λ£: κ΄‘ν™”λ¬Έμ¤νμ΄μ¤λ³Έ μ•„ννΈ - 2κ°μ›” μ²λ¦¬
[2025-09-25T00:03:01.718Z] 
π“ μ²λ¦¬ μ¤‘: λ΅μ–„ν°λ¦¬μ¤μ¤μ„νΈ (A11014001)
[2025-09-25T00:03:06.719Z] A11014001 2024-1: 0μ› (μ„±κ³µλ¥ : 100.00%)
[2025-09-25T00:03:06.884Z] β… DB μ €μ¥ μ™„λ£: A11014001 2024-1
[2025-09-25T00:03:10.661Z] A11014001 2024-2: 0μ› (μ„±κ³µλ¥ : 100.00%)
[2025-09-25T00:03:10.719Z] β… DB μ €μ¥ μ™„λ£: A11014001 2024-2
[2025-09-25T00:03:11.731Z] β… μ™„λ£: λ΅μ–„ν°λ¦¬μ¤μ¤μ„νΈ - 2κ°μ›” μ²λ¦¬
[2025-09-25T00:03:11.733Z] 
π“ μ²λ¦¬ μ¤‘: ν„λ€λ¨λ λΉ„μ•™ (A11034001)
[2025-09-25T00:03:14.048Z] A11034001 2024-1: 28,512,000μ› (μ„±κ³µλ¥ : 100.00%)
[2025-09-25T00:03:14.355Z] β… DB μ €μ¥ μ™„λ£: A11034001 2024-1
[2025-09-25T00:03:17.687Z] A11034001 2024-2: 27,899,930μ› (μ„±κ³µλ¥ : 100.00%)
[2025-09-25T00:03:17.744Z] β… DB μ €μ¥ μ™„λ£: A11034001 2024-2
[2025-09-25T00:03:18.762Z] β… μ™„λ£: ν„λ€λ¨λ λΉ„μ•™ - 2κ°μ›” μ²λ¦¬
[2025-09-25T00:03:18.764Z] 
π“ μ²λ¦¬ μ¤‘: λ‚™μ›μ•„ννΈ (A10020992)
[2025-09-25T00:03:21.017Z] A10020992 2024-1: 0μ› (μ„±κ³µλ¥ : 100.00%)
[2025-09-25T00:03:21.071Z] β… DB μ €μ¥ μ™„λ£: A10020992 2024-1
[2025-09-25T00:03:24.428Z] A10020992 2024-2: 0μ› (μ„±κ³µλ¥ : 100.00%)
[2025-09-25T00:03:24.474Z] β… DB μ €μ¥ μ™„λ£: A10020992 2024-2
[2025-09-25T00:03:25.486Z] β… μ™„λ£: λ‚™μ›μ•„ννΈ - 2κ°μ›” μ²λ¦¬
[2025-09-25T00:03:25.488Z] 
π“ μ²λ¦¬ μ¤‘: ν¬λ μ¤νΈνμ‹ν‹° (A10027162)
[2025-09-25T00:03:27.649Z] A10027162 2024-1: 15,724,666μ› (μ„±κ³µλ¥ : 100.00%)
[2025-09-25T00:03:27.693Z] β… DB μ €μ¥ μ™„λ£: A10027162 2024-1
[2025-09-25T00:03:30.875Z] A10027162 2024-2: 16,644,316μ› (μ„±κ³µλ¥ : 100.00%)
[2025-09-25T00:03:30.918Z] β… DB μ €μ¥ μ™„λ£: A10027162 2024-2
[2025-09-25T00:03:31.925Z] β… μ™„λ£: ν¬λ μ¤νΈνμ‹ν‹° - 2κ°μ›” μ²λ¦¬
[2025-09-25T00:03:31.927Z] 
π“ μ²λ¦¬ μ¤‘: νμ¤ν…μ΄νΈ μ°½κ²½κ¶ (A10023586)
[2025-09-25T00:03:34.102Z] A10023586 2024-1: 36,320,217μ› (μ„±κ³µλ¥ : 100.00%)
[2025-09-25T00:03:34.160Z] β… DB μ €μ¥ μ™„λ£: A10023586 2024-1
[2025-09-25T00:03:37.298Z] A10023586 2024-2: 35,347,357μ› (μ„±κ³µλ¥ : 100.00%)
[2025-09-25T00:03:37.348Z] β… DB μ €μ¥ μ™„λ£: A10023586 2024-2
[2025-09-25T00:03:38.357Z] β… μ™„λ£: νμ¤ν…μ΄νΈ μ°½κ²½κ¶ - 2κ°μ›” μ²λ¦¬
[2025-09-25T00:03:38.359Z] 
π“ μ²λ¦¬ μ¤‘: λ…λ¥μ•„λ‚¨2μ°¨μ•„ννΈ (A10023741)
[2025-09-25T00:03:40.485Z] A10023741 2024-1: 0μ› (μ„±κ³µλ¥ : 100.00%)
[2025-09-25T00:03:40.529Z] β… DB μ €μ¥ μ™„λ£: A10023741 2024-1
[2025-09-25T00:03:43.679Z] A10023741 2024-2: 0μ› (μ„±κ³µλ¥ : 100.00%)
[2025-09-25T00:03:43.731Z] β… DB μ €μ¥ μ™„λ£: A10023741 2024-2
[2025-09-25T00:03:44.743Z] β… μ™„λ£: λ…λ¥μ•„λ‚¨2μ°¨μ•„ννΈ - 2κ°μ›” μ²λ¦¬
[2025-09-25T00:03:44.745Z] 
π“ μ²λ¦¬ μ¤‘: μ•„μ¤ν•μ„4μ°¨ (A10025404)
[2025-09-25T00:03:46.884Z] A10025404 2024-1: 18,320,510μ› (μ„±κ³µλ¥ : 100.00%)
[2025-09-25T00:03:46.932Z] β… DB μ €μ¥ μ™„λ£: A10025404 2024-1
[2025-09-25T00:03:50.190Z] A10025404 2024-2: 18,547,760μ› (μ„±κ³µλ¥ : 100.00%)
[2025-09-25T00:03:50.233Z] β… DB μ €μ¥ μ™„λ£: A10025404 2024-2
[2025-09-25T00:03:51.246Z] β… μ™„λ£: μ•„μ¤ν•μ„4μ°¨ - 2κ°μ›” μ²λ¦¬
[2025-09-25T00:03:51.247Z] 
π“ μ²λ¦¬ μ¤‘: ν™”μ–‘ν„λ€ (A14313001)
[2025-09-25T00:03:53.939Z] A14313001 2024-1: 25,805,860μ› (μ„±κ³µλ¥ : 100.00%)
[2025-09-25T00:03:53.980Z] β… DB μ €μ¥ μ™„λ£: A14313001 2024-1
[2025-09-25T00:03:57.142Z] A14313001 2024-2: 25,612,810μ› (μ„±κ³µλ¥ : 100.00%)
[2025-09-25T00:03:57.175Z] β… DB μ €μ¥ μ™„λ£: A14313001 2024-2
[2025-09-25T00:03:58.185Z] β… μ™„λ£: ν™”μ–‘ν„λ€ - 2κ°μ›” μ²λ¦¬
[2025-09-25T00:03:58.186Z] 
π“ μ²λ¦¬ μ¤‘: μ€ν‰λ‰΄νƒ€μ΄μƒλ¦Όλ§μ„13λ‹¨μ§€ (A12220002)
[2025-09-25T00:04:00.322Z] A12220002 2024-1: 45,543,391μ› (μ„±κ³µλ¥ : 100.00%)
[2025-09-25T00:04:00.376Z] β… DB μ €μ¥ μ™„λ£: A12220002 2024-1
[2025-09-25T00:04:05.769Z] A12220002 2024-2: 43,529,891μ› (μ„±κ³µλ¥ : 100.00%)
[2025-09-25T00:04:05.998Z] β… DB μ €μ¥ μ™„λ£: A12220002 2024-2
[2025-09-25T00:04:07.005Z] β… μ™„λ£: μ€ν‰λ‰΄νƒ€μ΄μƒλ¦Όλ§μ„13λ‹¨μ§€ - 2κ°μ›” μ²λ¦¬
[2025-09-25T00:04:07.006Z] 
π“ μ²λ¦¬ μ¤‘: μ£Όμƒλ³µν•©μ•„λ‚¨μ•„ννΈ (A11076701)
[2025-09-25T00:04:09.303Z] A11076701 2024-1: 0μ› (μ„±κ³µλ¥ : 100.00%)
[2025-09-25T00:04:09.370Z] β… DB μ €μ¥ μ™„λ£: A11076701 2024-1
[2025-09-25T00:04:12.630Z] A11076701 2024-2: 0μ› (μ„±κ³µλ¥ : 100.00%)
[2025-09-25T00:04:12.689Z] β… DB μ €μ¥ μ™„λ£: A11076701 2024-2
[2025-09-25T00:04:13.698Z] β… μ™„λ£: μ£Όμƒλ³µν•©μ•„λ‚¨μ•„ννΈ - 2κ°μ›” μ²λ¦¬
[2025-09-25T00:04:13.700Z] 
π“ μ²λ¦¬ μ¤‘: μ°½μ‹ μ΄μμ•„ννΈ (A10021626)
[2025-09-25T00:04:16.144Z] A10021626 2024-1: 0μ› (μ„±κ³µλ¥ : 100.00%)
[2025-09-25T00:04:16.239Z] β… DB μ €μ¥ μ™„λ£: A10021626 2024-1
[2025-09-25T00:04:19.434Z] A10021626 2024-2: 0μ› (μ„±κ³µλ¥ : 100.00%)
[2025-09-25T00:04:19.486Z] β… DB μ €μ¥ μ™„λ£: A10021626 2024-2
[2025-09-25T00:04:20.497Z] β… μ™„λ£: μ°½μ‹ μ΄μμ•„ννΈ - 2κ°μ›” μ²λ¦¬
[2025-09-25T00:04:20.500Z] 
π“ μ²λ¦¬ μ¤‘: μ°½μ‹ λ‘μ‚° (A11054101)
[2025-09-25T00:04:22.687Z] A11054101 2024-1: 56,229,785μ› (μ„±κ³µλ¥ : 100.00%)
[2025-09-25T00:04:22.746Z] β… DB μ €μ¥ μ™„λ£: A11054101 2024-1
[2025-09-25T00:04:26.315Z] A11054101 2024-2: 56,202,585μ› (μ„±κ³µλ¥ : 100.00%)
[2025-09-25T00:04:26.380Z] β… DB μ €μ¥ μ™„λ£: A11054101 2024-2
[2025-09-25T00:04:59.240Z] π€ λ°°μΉ μμ§‘ μ‹μ‘: 2024λ…„ 1, 2μ›”
[2025-09-25T00:04:59.241Z] μ²λ¦¬ λ€μƒ: 50κ° μ•„ννΈ (offset: 0)
[2025-09-25T00:05:00.028Z] π“ μ΅°νλ μ•„ννΈ μ: 50κ°
[2025-09-25T00:05:00.029Z] 
π“ μ²λ¦¬ μ¤‘: μ€ν‰λ‰΄νƒ€μ΄μƒλ¦Όλ§μ„6λ‹¨μ§€ μ 1μ•„ννΈ(8λ‹¨μ§€ ν‘Έλ¥΄μ§€μ¤) (A12220001)
[2025-09-25T00:05:05.492Z] A12220001 2024-1: 30,290,428μ› (μ„±κ³µλ¥ : 100.00%)
[2025-09-25T00:05:05.648Z] β… DB μ €μ¥ μ™„λ£: A12220001 2024-1
[2025-09-25T00:05:09.236Z] A12220001 2024-2: 29,280,950μ› (μ„±κ³µλ¥ : 100.00%)
[2025-09-25T00:05:09.273Z] β… DB μ €μ¥ μ™„λ£: A12220001 2024-2
[2025-09-25T00:05:10.274Z] β… μ™„λ£: μ€ν‰λ‰΄νƒ€μ΄μƒλ¦Όλ§μ„6λ‹¨μ§€ μ 1μ•„ννΈ(8λ‹¨μ§€ ν‘Έλ¥΄μ§€μ¤) - 2κ°μ›” μ²λ¦¬
[2025-09-25T00:05:10.275Z] 
π“ μ²λ¦¬ μ¤‘: κ²½ν¬κ¶μμ•„μΉ¨4λ‹¨μ§€ (A10021295)
[2025-09-25T00:05:11.695Z] π€ λ°°μΉ μμ§‘ μ‹μ‘: 2024λ…„ 1, 2μ›”
[2025-09-25T00:05:11.697Z] μ²λ¦¬ λ€μƒ: 50κ° μ•„ννΈ (offset: 50)
[2025-09-25T00:05:12.094Z] π“ μ΅°νλ μ•„ννΈ μ: 50κ°
[2025-09-25T00:05:12.096Z] 
π“ μ²λ¦¬ μ¤‘: λ¬µμ •μ•„ννΈ (A10026849)
[2025-09-25T00:05:12.999Z] A10021295 2024-1: 0μ› (μ„±κ³µλ¥ : 100.00%)
[2025-09-25T00:05:13.037Z] β… DB μ €μ¥ μ™„λ£: A10021295 2024-1
[2025-09-25T00:05:14.739Z] A10026849 2024-1: 0μ› (μ„±κ³µλ¥ : 100.00%)
[2025-09-25T00:05:14.788Z] β… DB μ €μ¥ μ™„λ£: A10026849 2024-1
[2025-09-25T00:05:16.236Z] A10021295 2024-2: 0μ› (μ„±κ³µλ¥ : 100.00%)
[2025-09-25T00:05:16.274Z] β… DB μ €μ¥ μ™„λ£: A10021295 2024-2
[2025-09-25T00:05:17.282Z] β… μ™„λ£: κ²½ν¬κ¶μμ•„μΉ¨4λ‹¨μ§€ - 2κ°μ›” μ²λ¦¬
[2025-09-25T00:05:17.284Z] 
π“ μ²λ¦¬ μ¤‘: κ²½ν¬κ¶νν¬ν°λ¦¬μ¤ (A10021652)
[2025-09-25T00:05:17.926Z] A10026849 2024-2: 0μ› (μ„±κ³µλ¥ : 100.00%)
[2025-09-25T00:05:17.969Z] β… DB μ €μ¥ μ™„λ£: A10026849 2024-2
[2025-09-25T00:05:18.973Z] β… μ™„λ£: λ¬µμ •μ•„ννΈ - 2κ°μ›” μ²λ¦¬
[2025-09-25T00:05:18.977Z] 
π“ μ²λ¦¬ μ¤‘: μ€ν‰λ‰΄νƒ€μ΄μƒλ¦Όλ§μ„5λ‹¨μ§€ (A41279902)
[2025-09-25T00:05:19.407Z] π€ λ°°μΉ μμ§‘ μ‹μ‘: 2024λ…„ 1, 2μ›”
[2025-09-25T00:05:19.408Z] μ²λ¦¬ λ€μƒ: 50κ° μ•„ννΈ (offset: 100)
[2025-09-25T00:05:19.469Z] A10021652 2024-1: 0μ› (μ„±κ³µλ¥ : 100.00%)
[2025-09-25T00:05:19.506Z] β… DB μ €μ¥ μ™„λ£: A10021652 2024-1
[2025-09-25T00:05:19.876Z] π“ μ΅°νλ μ•„ννΈ μ: 50κ°
[2025-09-25T00:05:19.878Z] 
π“ μ²λ¦¬ μ¤‘: skμ²­μ•”λ€μ•„ννΈ (A10023464)
[2025-09-25T00:05:21.352Z] A41279902 2024-1: 50,269,942μ› (μ„±κ³µλ¥ : 100.00%)
[2025-09-25T00:05:21.413Z] β… DB μ €μ¥ μ™„λ£: A41279902 2024-1
[2025-09-25T00:05:22.656Z] A10023464 2024-1: 0μ› (μ„±κ³µλ¥ : 100.00%)
[2025-09-25T00:05:22.729Z] β… DB μ €μ¥ μ™„λ£: A10023464 2024-1
[2025-09-25T00:05:23.135Z] A10021652 2024-2: 0μ› (μ„±κ³µλ¥ : 100.00%)
[2025-09-25T00:05:23.183Z] β… DB μ €μ¥ μ™„λ£: A10021652 2024-2
[2025-09-25T00:05:24.190Z] β… μ™„λ£: κ²½ν¬κ¶νν¬ν°λ¦¬μ¤ - 2κ°μ›” μ²λ¦¬
[2025-09-25T00:05:24.192Z] 
π“ μ²λ¦¬ μ¤‘: κ²½ν¬κ¶μμ•„μΉ¨2λ‹¨μ§€ (A11087101)
[2025-09-25T00:05:24.724Z] A41279902 2024-2: 48,476,818μ› (μ„±κ³µλ¥ : 100.00%)
[2025-09-25T00:05:24.774Z] β… DB μ €μ¥ μ™„λ£: A41279902 2024-2
[2025-09-25T00:05:25.784Z] β… μ™„λ£: μ€ν‰λ‰΄νƒ€μ΄μƒλ¦Όλ§μ„5λ‹¨μ§€ - 2κ°μ›” μ²λ¦¬
[2025-09-25T00:05:25.788Z] 
π“ μ²λ¦¬ μ¤‘: ν•μ§„κ·Έλ‘λΉ  (A10021020)
[2025-09-25T00:05:26.023Z] A10023464 2024-2: 0μ› (μ„±κ³µλ¥ : 100.00%)
[2025-09-25T00:05:26.075Z] β… DB μ €μ¥ μ™„λ£: A10023464 2024-2
[2025-09-25T00:05:26.394Z] A11087101 2024-1: 0μ› (μ„±κ³µλ¥ : 100.00%)
[2025-09-25T00:05:26.448Z] β… DB μ €μ¥ μ™„λ£: A11087101 2024-1
[2025-09-25T00:05:27.079Z] β… μ™„λ£: skμ²­μ•”λ€μ•„ννΈ - 2κ°μ›” μ²λ¦¬
[2025-09-25T00:05:27.082Z] 
π“ μ²λ¦¬ μ¤‘: μ²­μ•”μμ΄ (A14005001)
[2025-09-25T00:05:28.058Z] A10021020 2024-1: 0μ› (μ„±κ³µλ¥ : 100.00%)
[2025-09-25T00:05:28.112Z] β… DB μ €μ¥ μ™„λ£: A10021020 2024-1
[2025-09-25T00:05:29.396Z] A14005001 2024-1: 95,466,085μ› (μ„±κ³µλ¥ : 100.00%)
[2025-09-25T00:05:29.448Z] β… DB μ €μ¥ μ™„λ£: A14005001 2024-1
[2025-09-25T00:05:29.697Z] A11087101 2024-2: 0μ› (μ„±κ³µλ¥ : 100.00%)
[2025-09-25T00:05:29.733Z] β… DB μ €μ¥ μ™„λ£: A11087101 2024-2
[2025-09-25T00:05:30.745Z] β… μ™„λ£: κ²½ν¬κ¶μμ•„μΉ¨2λ‹¨μ§€ - 2κ°μ›” μ²λ¦¬
[2025-09-25T00:05:30.747Z] 
π“ μ²λ¦¬ μ¤‘: κ΄‘ν™”λ¬Έμ¤νμ΄μ¤λ³Έ μ•„ννΈ (A11005401)
[2025-09-25T00:05:31.368Z] A10021020 2024-2: 0μ› (μ„±κ³µλ¥ : 100.00%)
[2025-09-25T00:05:31.417Z] β… DB μ €μ¥ μ™„λ£: A10021020 2024-2
[2025-09-25T00:05:32.430Z] β… μ™„λ£: ν•μ§„κ·Έλ‘λΉ  - 2κ°μ›” μ²λ¦¬
[2025-09-25T00:05:32.433Z] 
π“ μ²λ¦¬ μ¤‘: μ•½μμ—­ λ”μ‹ν‹° (A10023488)
[2025-09-25T00:05:33.117Z] A11005401 2024-1: 204,028,830μ› (μ„±κ³µλ¥ : 100.00%)
[2025-09-25T00:05:33.176Z] β… DB μ €μ¥ μ™„λ£: A11005401 2024-1
[2025-09-25T00:05:33.309Z] A14005001 2024-2: 91,701,777μ› (μ„±κ³µλ¥ : 100.00%)
[2025-09-25T00:05:33.368Z] β… DB μ €μ¥ μ™„λ£: A14005001 2024-2
[2025-09-25T00:05:34.378Z] β… μ™„λ£: μ²­μ•”μμ΄ - 2κ°μ›” μ²λ¦¬
[2025-09-25T00:05:34.380Z] 
π“ μ²λ¦¬ μ¤‘: ν’μ „μ•„ννΈ (A10022232)
[2025-09-25T00:05:34.724Z] A10023488 2024-1: 30,643,900μ› (μ„±κ³µλ¥ : 100.00%)
[2025-09-25T00:05:34.774Z] β… DB μ €μ¥ μ™„λ£: A10023488 2024-1
[2025-09-25T00:05:36.440Z] A11005401 2024-2: 180,180,237μ› (μ„±κ³µλ¥ : 100.00%)
[2025-09-25T00:05:36.485Z] β… DB μ €μ¥ μ™„λ£: A11005401 2024-2
[2025-09-25T00:05:36.581Z] A10022232 2024-1: 0μ› (μ„±κ³µλ¥ : 100.00%)
[2025-09-25T00:05:36.626Z] β… DB μ €μ¥ μ™„λ£: A10022232 2024-1
[2025-09-25T00:05:37.497Z] β… μ™„λ£: κ΄‘ν™”λ¬Έμ¤νμ΄μ¤λ³Έ μ•„ννΈ - 2κ°μ›” μ²λ¦¬
[2025-09-25T00:05:37.499Z] 
π“ μ²λ¦¬ μ¤‘: λ΅μ–„ν°λ¦¬μ¤μ¤μ„νΈ (A11014001)
[2025-09-25T00:05:38.034Z] A10023488 2024-2: 24,209,237μ› (μ„±κ³µλ¥ : 100.00%)
[2025-09-25T00:05:38.093Z] β… DB μ €μ¥ μ™„λ£: A10023488 2024-2
[2025-09-25T00:05:39.098Z] β… μ™„λ£: μ•½μμ—­ λ”μ‹ν‹° - 2κ°μ›” μ²λ¦¬
[2025-09-25T00:05:39.100Z] 
π“ μ²λ¦¬ μ¤‘: μ‹ λ‹ΉKCCμ¤μ„μ²Έμ•„ννΈ (A10025372)
[2025-09-25T00:05:39.689Z] A11014001 2024-1: 0μ› (μ„±κ³µλ¥ : 100.00%)
[2025-09-25T00:05:39.726Z] β… DB μ €μ¥ μ™„λ£: A11014001 2024-1
[2025-09-25T00:05:39.809Z] A10022232 2024-2: 0μ› (μ„±κ³µλ¥ : 100.00%)
[2025-09-25T00:05:39.841Z] β… DB μ €μ¥ μ™„λ£: A10022232 2024-2
[2025-09-25T00:05:40.846Z] β… μ™„λ£: ν’μ „μ•„ννΈ - 2κ°μ›” μ²λ¦¬
[2025-09-25T00:05:40.847Z] 
π“ μ²λ¦¬ μ¤‘: μ›ν¨μ‚°νΈ (A14085002)
[2025-09-25T00:05:41.261Z] A10025372 2024-1: 28,489,419μ› (μ„±κ³µλ¥ : 100.00%)
[2025-09-25T00:05:41.300Z] β… DB μ €μ¥ μ™„λ£: A10025372 2024-1
[2025-09-25T00:05:43.063Z] A11014001 2024-2: 0μ› (μ„±κ³µλ¥ : 100.00%)
[2025-09-25T00:05:43.101Z] β… DB μ €μ¥ μ™„λ£: A11014001 2024-2
[2025-09-25T00:05:43.149Z] A14085002 2024-1: 85,600,194μ› (μ„±κ³µλ¥ : 100.00%)
[2025-09-25T00:05:43.184Z] β… DB μ €μ¥ μ™„λ£: A14085002 2024-1
[2025-09-25T00:05:44.112Z] β… μ™„λ£: λ΅μ–„ν°λ¦¬μ¤μ¤μ„νΈ - 2κ°μ›” μ²λ¦¬
[2025-09-25T00:05:44.114Z] 
π“ μ²λ¦¬ μ¤‘: ν„λ€λ¨λ λΉ„μ•™ (A11034001)
[2025-09-25T00:05:44.633Z] A10025372 2024-2: 40,910,241μ› (μ„±κ³µλ¥ : 100.00%)
[2025-09-25T00:05:44.666Z] β… DB μ €μ¥ μ™„λ£: A10025372 2024-2
[2025-09-25T00:05:45.676Z] β… μ™„λ£: μ‹ λ‹ΉKCCμ¤μ„μ²Έμ•„ννΈ - 2κ°μ›” μ²λ¦¬
[2025-09-25T00:05:45.677Z] 
π“ μ²λ¦¬ μ¤‘: μ‹ λ‹Ή νμΈν ν•λ‚μ λ³΄λΌ (A10025456)
[2025-09-25T00:05:46.347Z] A11034001 2024-1: 28,512,000μ› (μ„±κ³µλ¥ : 100.00%)
[2025-09-25T00:05:46.376Z] β… DB μ €μ¥ μ™„λ£: A11034001 2024-1
[2025-09-25T00:05:46.599Z] A14085002 2024-2: 84,135,200μ› (μ„±κ³µλ¥ : 100.00%)
[2025-09-25T00:05:46.633Z] β… DB μ €μ¥ μ™„λ£: A14085002 2024-2
[2025-09-25T00:05:47.642Z] β… μ™„λ£: μ›ν¨μ‚°νΈ - 2κ°μ›” μ²λ¦¬
[2025-09-25T00:05:47.643Z] 
π“ μ²λ¦¬ μ¤‘: μ›ν¨λ΅κ°•λ³€μ‚Όμ„±μ¤μ„νΈ (A14085101)
[2025-09-25T00:05:47.891Z] A10025456 2024-1: 60,093,395μ› (μ„±κ³µλ¥ : 100.00%)
[2025-09-25T00:05:47.925Z] β… DB μ €μ¥ μ™„λ£: A10025456 2024-1
[2025-09-25T00:05:49.839Z] A14085101 2024-1: 35,710,250μ› (μ„±κ³µλ¥ : 100.00%)
[2025-09-25T00:05:49.854Z] A11034001 2024-2: 27,899,930μ› (μ„±κ³µλ¥ : 100.00%)
[2025-09-25T00:05:49.881Z] β… DB μ €μ¥ μ™„λ£: A14085101 2024-1
[2025-09-25T00:05:49.891Z] β… DB μ €μ¥ μ™„λ£: A11034001 2024-2
[2025-09-25T00:05:50.901Z] β… μ™„λ£: ν„λ€λ¨λ λΉ„μ•™ - 2κ°μ›” μ²λ¦¬
[2025-09-25T00:05:50.903Z] 
π“ μ²λ¦¬ μ¤‘: λ‚™μ›μ•„ννΈ (A10020992)
[2025-09-25T00:05:51.966Z] A10025456 2024-2: 57,989,114μ› (μ„±κ³µλ¥ : 100.00%)
[2025-09-25T00:05:52.102Z] β… DB μ €μ¥ μ™„λ£: A10025456 2024-2
[2025-09-25T00:05:53.112Z] β… μ™„λ£: μ‹ λ‹Ή νμΈν ν•λ‚μ λ³΄λΌ - 2κ°μ›” μ²λ¦¬
[2025-09-25T00:05:53.116Z] A14085101 2024-2: 35,909,660μ› (μ„±κ³µλ¥ : 100.00%)
[2025-09-25T00:05:53.114Z] A10020992 2024-1: 0μ› (μ„±κ³µλ¥ : 100.00%)
[2025-09-25T00:05:53.115Z] 
π“ μ²λ¦¬ μ¤‘: μ‹ λ‹Ήν‘Έλ¥΄μ§€μ¤ (A10045001)
[2025-09-25T00:05:53.163Z] β… DB μ €μ¥ μ™„λ£: A14085101 2024-2
[2025-09-25T00:05:53.180Z] β… DB μ €μ¥ μ™„λ£: A10020992 2024-1
[2025-09-25T00:05:54.173Z] β… μ™„λ£: μ›ν¨λ΅κ°•λ³€μ‚Όμ„±μ¤μ„νΈ - 2κ°μ›” μ²λ¦¬
[2025-09-25T00:05:54.174Z] 
π“ μ²λ¦¬ μ¤‘: μ©μ‚°λ°μ‹μ•™ν¬λ μ•„ννΈ (A10023858)
[2025-09-25T00:05:55.280Z] A10045001 2024-1: 72,686,203μ› (μ„±κ³µλ¥ : 100.00%)
[2025-09-25T00:05:55.321Z] β… DB μ €μ¥ μ™„λ£: A10045001 2024-1
[2025-09-25T00:05:56.321Z] A10023858 2024-1: 58,351,010μ› (μ„±κ³µλ¥ : 100.00%)
[2025-09-25T00:05:56.358Z] β… DB μ €μ¥ μ™„λ£: A10023858 2024-1
[2025-09-25T00:05:56.398Z] A10020992 2024-2: 0μ› (μ„±κ³µλ¥ : 100.00%)
[2025-09-25T00:05:56.431Z] β… DB μ €μ¥ μ™„λ£: A10020992 2024-2
[2025-09-25T00:05:57.435Z] β… μ™„λ£: λ‚™μ›μ•„ννΈ - 2κ°μ›” μ²λ¦¬
[2025-09-25T00:05:57.437Z] 
π“ μ²λ¦¬ μ¤‘: ν¬λ μ¤νΈνμ‹ν‹° (A10027162)
[2025-09-25T00:05:58.474Z] A10045001 2024-2: 67,530,371μ› (μ„±κ³µλ¥ : 100.00%)
[2025-09-25T00:05:58.529Z] β… DB μ €μ¥ μ™„λ£: A10045001 2024-2
[2025-09-25T00:05:59.508Z] A10023858 2024-2: 61,968,380μ› (μ„±κ³µλ¥ : 100.00%)
[2025-09-25T00:05:59.538Z] β… μ™„λ£: μ‹ λ‹Ήν‘Έλ¥΄μ§€μ¤ - 2κ°μ›” μ²λ¦¬
[2025-09-25T00:05:59.539Z] 
π“ μ²λ¦¬ μ¤‘: μ²­κµ¬eνΈν•μ„Έμƒ(λ¶„μ–‘) (A10045002)
[2025-09-25T00:05:59.552Z] β… DB μ €μ¥ μ™„λ£: A10023858 2024-2
[2025-09-25T00:05:59.624Z] A10027162 2024-1: 15,724,666μ› (μ„±κ³µλ¥ : 100.00%)
[2025-09-25T00:05:59.667Z] β… DB μ €μ¥ μ™„λ£: A10027162 2024-1
[2025-09-25T00:06:00.566Z] β… μ™„λ£: μ©μ‚°λ°μ‹μ•™ν¬λ μ•„ννΈ - 2κ°μ›” μ²λ¦¬
[2025-09-25T00:06:00.569Z] 
π“ μ²λ¦¬ μ¤‘: μ©μ‚°λ΅―λ°μΊμ¬μ„Όν„°ν¬λ μ•„ννΈ (A10025533)
[2025-09-25T00:06:02.273Z] A10045002 2024-1: 106,230,103μ› (μ„±κ³µλ¥ : 100.00%)
[2025-09-25T00:06:02.322Z] β… DB μ €μ¥ μ™„λ£: A10045002 2024-1
[2025-09-25T00:06:04.484Z] A10025533 2024-1: 69,217,883μ› (μ„±κ³µλ¥ : 100.00%)
[2025-09-25T00:06:04.562Z] β… DB μ €μ¥ μ™„λ£: A10025533 2024-1
[2025-09-25T00:06:06.091Z] A10027162 2024-2: 16,644,316μ› (μ„±κ³µλ¥ : 100.00%)
[2025-09-25T00:06:06.193Z] β… DB μ €μ¥ μ™„λ£: A10027162 2024-2
[2025-09-25T00:06:07.201Z] β… μ™„λ£: ν¬λ μ¤νΈνμ‹ν‹° - 2κ°μ›” μ²λ¦¬
[2025-09-25T00:06:07.205Z] 
π“ μ²λ¦¬ μ¤‘: νμ¤ν…μ΄νΈ μ°½κ²½κ¶ (A10023586)
[2025-09-25T00:06:08.256Z] A10045002 2024-2: 100,760,125μ› (μ„±κ³µλ¥ : 100.00%)
[2025-09-25T00:06:08.338Z] β… DB μ €μ¥ μ™„λ£: A10045002 2024-2
[2025-09-25T00:06:08.493Z] A10025533 2024-2: 65,807,996μ› (μ„±κ³µλ¥ : 100.00%)
[2025-09-25T00:06:08.527Z] β… DB μ €μ¥ μ™„λ£: A10025533 2024-2
[2025-09-25T00:06:09.341Z] β… μ™„λ£: μ²­κµ¬eνΈν•μ„Έμƒ(λ¶„μ–‘) - 2κ°μ›” μ²λ¦¬
[2025-09-25T00:06:09.343Z] 
π“ μ²λ¦¬ μ¤‘: μ‹ λ‹Ήλ‚¨μ‚°νƒ€μ΄μ„λ€ (A10045301)
[2025-09-25T00:06:09.529Z] β… μ™„λ£: μ©μ‚°λ΅―λ°μΊμ¬μ„Όν„°ν¬λ μ•„ννΈ - 2κ°μ›” μ²λ¦¬
[2025-09-25T00:06:09.531Z] 
π“ μ²λ¦¬ μ¤‘: μ©μ‚°kccμ¤μ„μ²Έ (A10025898)
[2025-09-25T00:06:09.970Z] A10023586 2024-1: 36,320,217μ› (μ„±κ³µλ¥ : 100.00%)
[2025-09-25T00:06:10.012Z] β… DB μ €μ¥ μ™„λ£: A10023586 2024-1
[2025-09-25T00:06:11.592Z] A10045301 2024-1: 92,693,998μ› (μ„±κ³µλ¥ : 100.00%)
[2025-09-25T00:06:11.629Z] β… DB μ €μ¥ μ™„λ£: A10045301 2024-1
[2025-09-25T00:06:11.713Z] A10025898 2024-1: 41,353,085μ› (μ„±κ³µλ¥ : 100.00%)
[2025-09-25T00:06:11.754Z] β… DB μ €μ¥ μ™„λ£: A10025898 2024-1
[2025-09-25T00:06:13.216Z] A10023586 2024-2: 35,347,357μ› (μ„±κ³µλ¥ : 100.00%)
[2025-09-25T00:06:13.256Z] β… DB μ €μ¥ μ™„λ£: A10023586 2024-2
[2025-09-25T00:06:14.264Z] β… μ™„λ£: νμ¤ν…μ΄νΈ μ°½κ²½κ¶ - 2κ°μ›” μ²λ¦¬
[2025-09-25T00:06:14.267Z] 
π“ μ²λ¦¬ μ¤‘: λ…λ¥μ•„λ‚¨2μ°¨μ•„ννΈ (A10023741)
[2025-09-25T00:06:14.858Z] A10045301 2024-2: 94,417,740μ› (μ„±κ³µλ¥ : 100.00%)
[2025-09-25T00:06:14.925Z] β… DB μ €μ¥ μ™„λ£: A10045301 2024-2
[2025-09-25T00:06:15.113Z] A10025898 2024-2: 39,663,331μ› (μ„±κ³µλ¥ : 100.00%)
[2025-09-25T00:06:15.157Z] β… DB μ €μ¥ μ™„λ£: A10025898 2024-2
[2025-09-25T00:06:15.929Z] β… μ™„λ£: μ‹ λ‹Ήλ‚¨μ‚°νƒ€μ΄μ„λ€ - 2κ°μ›” μ²λ¦¬
[2025-09-25T00:06:15.935Z] 
π“ μ²λ¦¬ μ¤‘: μ‹ λ‹Ήλ‚¨μ‚°νƒ€μ΄(λ¶„μ–‘) (A10045302)
[2025-09-25T00:06:16.162Z] β… μ™„λ£: μ©μ‚°kccμ¤μ„μ²Έ - 2κ°μ›” μ²λ¦¬
[2025-09-25T00:06:16.164Z] 
π“ μ²λ¦¬ μ¤‘: ν¨μ°½νν¬ν‘Έλ¥΄μ§€μ¤ (A14074101)
[2025-09-25T00:06:16.527Z] A10023741 2024-1: 0μ› (μ„±κ³µλ¥ : 100.00%)
[2025-09-25T00:06:16.584Z] β… DB μ €μ¥ μ™„λ£: A10023741 2024-1
[2025-09-25T00:06:18.097Z] A10045302 2024-1: 469,074,917μ› (μ„±κ³µλ¥ : 100.00%)
[2025-09-25T00:06:18.151Z] β… DB μ €μ¥ μ™„λ£: A10045302 2024-1
[2025-09-25T00:06:18.361Z] A14074101 2024-1: 53,040,495μ› (μ„±κ³µλ¥ : 100.00%)
[2025-09-25T00:06:18.413Z] β… DB μ €μ¥ μ™„λ£: A14074101 2024-1
[2025-09-25T00:06:19.908Z] A10023741 2024-2: 0μ› (μ„±κ³µλ¥ : 100.00%)
[2025-09-25T00:06:19.983Z] β… DB μ €μ¥ μ™„λ£: A10023741 2024-2
[2025-09-25T00:06:20.986Z] β… μ™„λ£: λ…λ¥μ•„λ‚¨2μ°¨μ•„ννΈ - 2κ°μ›” μ²λ¦¬
[2025-09-25T00:06:20.988Z] 
π“ μ²λ¦¬ μ¤‘: μ•„μ¤ν•μ„4μ°¨ (A10025404)
[2025-09-25T00:06:21.508Z] A10045302 2024-2: 458,808,398μ› (μ„±κ³µλ¥ : 100.00%)
[2025-09-25T00:06:21.550Z] β… DB μ €μ¥ μ™„λ£: A10045302 2024-2
[2025-09-25T00:06:21.844Z] A14074101 2024-2: 53,515,647μ› (μ„±κ³µλ¥ : 100.00%)
[2025-09-25T00:06:21.881Z] β… DB μ €μ¥ μ™„λ£: A14074101 2024-2
[2025-09-25T00:06:22.567Z] β… μ™„λ£: μ‹ λ‹Ήλ‚¨μ‚°νƒ€μ΄(λ¶„μ–‘) - 2κ°μ›” μ²λ¦¬
[2025-09-25T00:06:22.568Z] 
π“ μ²λ¦¬ μ¤‘: μ‹ λ‹Ήμ‚Όμ„±μ„λ€ (A10045401)
[2025-09-25T00:06:22.884Z] β… μ™„λ£: ν¨μ°½νν¬ν‘Έλ¥΄μ§€μ¤ - 2κ°μ›” μ²λ¦¬
[2025-09-25T00:06:22.886Z] 
π“ μ²λ¦¬ μ¤‘: λ„μ›μ‚Όμ„±μ 2 (A14007001)
[2025-09-25T00:06:23.156Z] A10025404 2024-1: 18,320,510μ› (μ„±κ³µλ¥ : 100.00%)
[2025-09-25T00:06:23.210Z] β… DB μ €μ¥ μ™„λ£: A10025404 2024-1
[2025-09-25T00:06:24.743Z] A10045401 2024-1: 24,831,358μ› (μ„±κ³µλ¥ : 100.00%)
[2025-09-25T00:06:24.780Z] β… DB μ €μ¥ μ™„λ£: A10045401 2024-1
[2025-09-25T00:06:25.039Z] A14007001 2024-1: 23,084,184μ› (μ„±κ³µλ¥ : 100.00%)
[2025-09-25T00:06:25.081Z] β… DB μ €μ¥ μ™„λ£: A14007001 2024-1
[2025-09-25T00:06:26.518Z] A10025404 2024-2: 18,547,760μ› (μ„±κ³µλ¥ : 100.00%)
[2025-09-25T00:06:26.575Z] β… DB μ €μ¥ μ™„λ£: A10025404 2024-2
[2025-09-25T00:06:27.591Z] β… μ™„λ£: μ•„μ¤ν•μ„4μ°¨ - 2κ°μ›” μ²λ¦¬
[2025-09-25T00:06:27.593Z] 
π“ μ²λ¦¬ μ¤‘: ν™”μ–‘ν„λ€ (A14313001)
[2025-09-25T00:06:28.112Z] A10045401 2024-2: 23,294,680μ› (μ„±κ³µλ¥ : 100.00%)
[2025-09-25T00:06:28.147Z] β… DB μ €μ¥ μ™„λ£: A10045401 2024-2
[2025-09-25T00:06:28.269Z] A14007001 2024-2: 24,209,234μ› (μ„±κ³µλ¥ : 100.00%)
[2025-09-25T00:06:28.310Z] β… DB μ €μ¥ μ™„λ£: A14007001 2024-2
[2025-09-25T00:06:29.161Z] β… μ™„λ£: μ‹ λ‹Ήμ‚Όμ„±μ„λ€ - 2κ°μ›” μ²λ¦¬
[2025-09-25T00:06:29.162Z] 
π“ μ²λ¦¬ μ¤‘: μ©μ‚° λ² λ¥΄λ””μ›€ ν”„λ μ¦ (A10024333)
[2025-09-25T00:06:29.313Z] β… μ™„λ£: λ„μ›μ‚Όμ„±μ 2 - 2κ°μ›” μ²λ¦¬
[2025-09-25T00:06:29.315Z] 
π“ μ²λ¦¬ μ¤‘: μ©μ‚°ν‘Έλ¥΄μ§€μ¤μ¨λ°‹ (A10026759)
[2025-09-25T00:06:29.763Z] A14313001 2024-1: 25,805,860μ› (μ„±κ³µλ¥ : 100.00%)
[2025-09-25T00:06:29.805Z] β… DB μ €μ¥ μ™„λ£: A14313001 2024-1
[2025-09-25T00:06:31.298Z] A10024333 2024-1: 96,813,818μ› (μ„±κ³µλ¥ : 100.00%)
[2025-09-25T00:06:31.333Z] β… DB μ €μ¥ μ™„λ£: A10024333 2024-1
[2025-09-25T00:06:31.456Z] A10026759 2024-1: 68,564,344μ› (μ„±κ³µλ¥ : 100.00%)
[2025-09-25T00:06:31.493Z] β… DB μ €μ¥ μ™„λ£: A10026759 2024-1
[2025-09-25T00:06:32.938Z] A14313001 2024-2: 25,612,810μ› (μ„±κ³µλ¥ : 100.00%)
[2025-09-25T00:06:32.994Z] β… DB μ €μ¥ μ™„λ£: A14313001 2024-2
[2025-09-25T00:06:34.003Z] β… μ™„λ£: ν™”μ–‘ν„λ€ - 2κ°μ›” μ²λ¦¬
[2025-09-25T00:06:34.005Z] 
π“ μ²λ¦¬ μ¤‘: μ€ν‰λ‰΄νƒ€μ΄μƒλ¦Όλ§μ„13λ‹¨μ§€ (A12220002)
[2025-09-25T00:06:35.007Z] A10024333 2024-2: 99,587,491μ› (μ„±κ³µλ¥ : 100.00%)
[2025-09-25T00:06:35.087Z] β… DB μ €μ¥ μ™„λ£: A10024333 2024-2
[2025-09-25T00:06:35.151Z] A10026759 2024-2: 64,812,518μ› (μ„±κ³µλ¥ : 100.00%)
[2025-09-25T00:06:35.195Z] β… DB μ €μ¥ μ™„λ£: A10026759 2024-2
[2025-09-25T00:06:36.100Z] β… μ™„λ£: μ©μ‚° λ² λ¥΄λ””μ›€ ν”„λ μ¦ - 2κ°μ›” μ²λ¦¬
[2025-09-25T00:06:36.101Z] 
π“ μ²λ¦¬ μ¤‘: μ€ν‰λ‰΄νƒ€μ΄μƒλ¦Όλ§μ„7λ‹¨μ§€ (A41279903)
[2025-09-25T00:06:36.205Z] β… μ™„λ£: μ©μ‚°ν‘Έλ¥΄μ§€μ¤μ¨λ°‹ - 2κ°μ›” μ²λ¦¬
[2025-09-25T00:06:36.207Z] 
π“ μ²λ¦¬ μ¤‘: μ€ν‰λ‰΄νƒ€μ΄λ°•μ„κ³ κ°13λ‹¨μ§€ (A41279909)
[2025-09-25T00:06:36.646Z] A12220002 2024-1: 45,543,391μ› (μ„±κ³µλ¥ : 100.00%)
[2025-09-25T00:06:36.698Z] β… DB μ €μ¥ μ™„λ£: A12220002 2024-1
[2025-09-25T00:06:37.287Z] ERROR Parsing μ•μ „μ κ²€λΉ„ for A41279909: Unexpected token '<', "<OpenAPI_S"... is not valid JSON
[2025-09-25T00:06:38.740Z] A41279903 2024-1: 64,408,334μ› (μ„±κ³µλ¥ : 100.00%)
[2025-09-25T00:06:38.778Z] β… DB μ €μ¥ μ™„λ£: A41279903 2024-1
[2025-09-25T00:06:38.828Z] A41279909 2024-1: 71,826,990μ› (μ„±κ³µλ¥ : 96.30%)
[2025-09-25T00:06:38.874Z] β… DB μ €μ¥ μ™„λ£: A41279909 2024-1
[2025-09-25T00:06:40.605Z] A12220002 2024-2: 43,529,891μ› (μ„±κ³µλ¥ : 100.00%)
[2025-09-25T00:06:40.658Z] β… DB μ €μ¥ μ™„λ£: A12220002 2024-2
[2025-09-25T00:06:41.081Z] ERROR Parsing μ•μ „μ κ²€λΉ„ for A41279909: Unexpected token '<', "<OpenAPI_S"... is not valid JSON
[2025-09-25T00:06:41.668Z] β… μ™„λ£: μ€ν‰λ‰΄νƒ€μ΄μƒλ¦Όλ§μ„13λ‹¨μ§€ - 2κ°μ›” μ²λ¦¬
[2025-09-25T00:06:41.677Z] 
π“ μ²λ¦¬ μ¤‘: μ£Όμƒλ³µν•©μ•„λ‚¨μ•„ννΈ (A11076701)
[2025-09-25T00:06:42.154Z] A41279903 2024-2: 53,382,766μ› (μ„±κ³µλ¥ : 100.00%)
[2025-09-25T00:06:42.157Z] A41279909 2024-2: 59,702,350μ› (μ„±κ³µλ¥ : 96.30%)
[2025-09-25T00:06:42.192Z] β… DB μ €μ¥ μ™„λ£: A41279909 2024-2
[2025-09-25T00:06:42.193Z] β… DB μ €μ¥ μ™„λ£: A41279903 2024-2
[2025-09-25T00:06:43.193Z] β… μ™„λ£: μ€ν‰λ‰΄νƒ€μ΄λ°•μ„κ³ κ°13λ‹¨μ§€ - 2κ°μ›” μ²λ¦¬
[2025-09-25T00:06:43.199Z] 
π“ μ²λ¦¬ μ¤‘: λΈλΌμ΄μ¤ν†¤μ©μ‚° (A14083101)
[2025-09-25T00:06:43.205Z] β… μ™„λ£: μ€ν‰λ‰΄νƒ€μ΄μƒλ¦Όλ§μ„7λ‹¨μ§€ - 2κ°μ›” μ²λ¦¬
[2025-09-25T00:06:43.207Z] 
π“ μ²λ¦¬ μ¤‘: μ‹ λ‹Ήμ‚Όμ„±(λ¶„μ–‘) (A10045403)
[2025-09-25T00:06:43.837Z] ERROR Parsing μ„ κ±°κ΄€λ¦¬μ„μ›νμ΄μλΉ„ for A11076701: Unexpected token '<', "<OpenAPI_S"... is not valid JSON
[2025-09-25T00:06:43.839Z] A11076701 2024-1: 0μ› (μ„±κ³µλ¥ : 96.30%)
[2025-09-25T00:06:43.887Z] β… DB μ €μ¥ μ™„λ£: A11076701 2024-1
[2025-09-25T00:06:45.332Z] A14083101 2024-1: 29,439,771μ› (μ„±κ³µλ¥ : 100.00%)
[2025-09-25T00:06:45.363Z] A10045403 2024-1: 114,322,413μ› (μ„±κ³µλ¥ : 100.00%)
[2025-09-25T00:06:45.380Z] β… DB μ €μ¥ μ™„λ£: A14083101 2024-1
[2025-09-25T00:06:45.421Z] β… DB μ €μ¥ μ™„λ£: A10045403 2024-1
[2025-09-25T00:06:47.056Z] ERROR Parsing μ •ν™”μ΅°μ¤λ¬Όμμλ£ for A11076701: Unexpected token '<', "<OpenAPI_S"... is not valid JSON
[2025-09-25T00:06:47.059Z] A11076701 2024-2: 0μ› (μ„±κ³µλ¥ : 96.30%)
[2025-09-25T00:06:47.105Z] β… DB μ €μ¥ μ™„λ£: A11076701 2024-2
[2025-09-25T00:06:48.115Z] β… μ™„λ£: μ£Όμƒλ³µν•©μ•„λ‚¨μ•„ννΈ - 2κ°μ›” μ²λ¦¬
[2025-09-25T00:06:48.117Z] 
π“ μ²λ¦¬ μ¤‘: μ°½μ‹ μ΄μμ•„ννΈ (A10021626)
[2025-09-25T00:06:48.650Z] A10045403 2024-2: 114,836,361μ› (μ„±κ³µλ¥ : 100.00%)
[2025-09-25T00:06:48.684Z] β… DB μ €μ¥ μ™„λ£: A10045403 2024-2
[2025-09-25T00:06:48.838Z] A14083101 2024-2: 27,969,296μ› (μ„±κ³µλ¥ : 100.00%)
[2025-09-25T00:06:48.872Z] β… DB μ €μ¥ μ™„λ£: A14083101 2024-2
[2025-09-25T00:06:49.694Z] β… μ™„λ£: μ‹ λ‹Ήμ‚Όμ„±(λ¶„μ–‘) - 2κ°μ›” μ²λ¦¬
[2025-09-25T00:06:49.695Z] 
π“ μ²λ¦¬ μ¤‘: μ‹ λ‹Ήμ•½μν•μ΄μΈ  (A10045404)
[2025-09-25T00:06:49.880Z] β… μ™„λ£: λΈλΌμ΄μ¤ν†¤μ©μ‚° - 2κ°μ›” μ²λ¦¬
[2025-09-25T00:06:49.881Z] 
π“ μ²λ¦¬ μ¤‘: μ©μ‚°μ§€μ¤λ² λ¥΄ν¬ (A10026183)
[2025-09-25T00:06:50.516Z] A10021626 2024-1: 0μ› (μ„±κ³µλ¥ : 100.00%)
[2025-09-25T00:06:50.557Z] β… DB μ €μ¥ μ™„λ£: A10021626 2024-1
[2025-09-25T00:06:52.011Z] A10026183 2024-1: 0μ› (μ„±κ³µλ¥ : 100.00%)
[2025-09-25T00:06:52.054Z] β… DB μ €μ¥ μ™„λ£: A10026183 2024-1
[2025-09-25T00:06:52.170Z] A10045404 2024-1: 183,224,401μ› (μ„±κ³µλ¥ : 100.00%)
[2025-09-25T00:06:52.203Z] β… DB μ €μ¥ μ™„λ£: A10045404 2024-1
[2025-09-25T00:06:53.740Z] A10021626 2024-2: 0μ› (μ„±κ³µλ¥ : 100.00%)
[2025-09-25T00:06:53.784Z] β… DB μ €μ¥ μ™„λ£: A10021626 2024-2
[2025-09-25T00:06:54.797Z] β… μ™„λ£: μ°½μ‹ μ΄μμ•„ννΈ - 2κ°μ›” μ²λ¦¬
[2025-09-25T00:06:54.800Z] 
π“ μ²λ¦¬ μ¤‘: μ°½μ‹ λ‘μ‚° (A11054101)
[2025-09-25T00:06:55.349Z] A10026183 2024-2: 0μ› (μ„±κ³µλ¥ : 100.00%)
[2025-09-25T00:06:55.364Z] A10045404 2024-2: 184,543,661μ› (μ„±κ³µλ¥ : 100.00%)
[2025-09-25T00:06:55.386Z] β… DB μ €μ¥ μ™„λ£: A10026183 2024-2
[2025-09-25T00:06:55.416Z] β… DB μ €μ¥ μ™„λ£: A10045404 2024-2
[2025-09-25T00:06:56.394Z] β… μ™„λ£: μ©μ‚°μ§€μ¤λ² λ¥΄ν¬ - 2κ°μ›” μ²λ¦¬
[2025-09-25T00:06:56.398Z] 
π“ μ²λ¦¬ μ¤‘: μ©μ‚° KCC μ›°μΈ νƒ€μ› (A10027901)
[2025-09-25T00:06:56.418Z] β… μ™„λ£: μ‹ λ‹Ήμ•½μν•μ΄μΈ  - 2κ°μ›” μ²λ¦¬
[2025-09-25T00:06:56.422Z] 
π“ μ²λ¦¬ μ¤‘: μ‹ λ‹Ήν„λ€ (A10045601)
[2025-09-25T00:06:57.011Z] A11054101 2024-1: 56,229,785μ› (μ„±κ³µλ¥ : 100.00%)
[2025-09-25T00:06:57.047Z] β… DB μ €μ¥ μ™„λ£: A11054101 2024-1
[2025-09-25T00:06:57.561Z] ERROR Parsing μ•μ „μ κ²€λΉ„ for A10045601: Unexpected token '<', "<OpenAPI_S"... is not valid JSON
[2025-09-25T00:06:58.068Z] ERROR Parsing μ μ„Έκ³µκ³ΌκΈ for A10045601: Unexpected token '<', "<OpenAPI_S"... is not valid JSON
[2025-09-25T00:06:58.633Z] A10027901 2024-1: 36,250,347μ› (μ„±κ³µλ¥ : 100.00%)
[2025-09-25T00:06:58.649Z] A10045601 2024-1: 129,210,811μ› (μ„±κ³µλ¥ : 92.59%)
[2025-09-25T00:06:58.668Z] β… DB μ €μ¥ μ™„λ£: A10027901 2024-1
[2025-09-25T00:06:58.692Z] β… DB μ €μ¥ μ™„λ£: A10045601 2024-1
[2025-09-25T00:07:00.288Z] A11054101 2024-2: 56,202,585μ› (μ„±κ³µλ¥ : 100.00%)
[2025-09-25T00:07:00.335Z] β… DB μ €μ¥ μ™„λ£: A11054101 2024-2
[2025-09-25T00:07:00.773Z] ERROR Parsing κµμ΅ν›λ ¨λΉ„ for A10045601: Unexpected token '<', "<OpenAPI_S"... is not valid JSON
[2025-09-25T00:07:00.777Z] ERROR Parsing μ•μ „μ κ²€λΉ„ for A10045601: Unexpected token '<', "<OpenAPI_S"... is not valid JSON
[2025-09-25T00:07:01.347Z] β… μ™„λ£: μ°½μ‹ λ‘μ‚° - 2κ°μ›” μ²λ¦¬
[2025-09-25T00:07:01.349Z] 
π“ μ²λ¦¬ μ¤‘: μ°½μ‹ μμ©1λ‹¨μ§€ (A11054301)
[2025-09-25T00:07:02.919Z] A10027901 2024-2: 34,056,667μ› (μ„±κ³µλ¥ : 100.00%)
[2025-09-25T00:07:03.127Z] β… DB μ €μ¥ μ™„λ£: A10027901 2024-2
[2025-09-25T00:07:03.482Z] A10045601 2024-2: 129,119,119μ› (μ„±κ³µλ¥ : 92.59%)
[2025-09-25T00:07:03.565Z] β… DB μ €μ¥ μ™„λ£: A10045601 2024-2
[2025-09-25T00:07:04.142Z] β… μ™„λ£: μ©μ‚° KCC μ›°μΈ νƒ€μ› - 2κ°μ›” μ²λ¦¬
[2025-09-25T00:07:04.144Z] 
π“ μ²λ¦¬ μ¤‘: μ©μ‚°μ•„ν¬λ΅νƒ€μ› (A14010001)
[2025-09-25T00:07:04.577Z] β… μ™„λ£: μ‹ λ‹Ήν„λ€ - 2κ°μ›” μ²λ¦¬
[2025-09-25T00:07:04.579Z] 
π“ μ²λ¦¬ μ¤‘: νλΌλ‹¤μ΄μ¤ (A10078102)
[2025-09-25T00:07:05.837Z] A11054301 2024-1: 60,824,806μ› (μ„±κ³µλ¥ : 100.00%)
[2025-09-25T00:07:05.927Z] β… DB μ €μ¥ μ™„λ£: A11054301 2024-1
[2025-09-25T00:07:06.911Z] A14010001 2024-1: 51,961,003μ› (μ„±κ³µλ¥ : 100.00%)
[2025-09-25T00:07:06.943Z] β… DB μ €μ¥ μ™„λ£: A14010001 2024-1
[2025-09-25T00:07:06.989Z] A10078102 2024-1: 23,209,810μ› (μ„±κ³µλ¥ : 100.00%)
[2025-09-25T00:07:07.023Z] β… DB μ €μ¥ μ™„λ£: A10078102 2024-1
[2025-09-25T00:07:09.931Z] A11054301 2024-2: 62,688,133μ› (μ„±κ³µλ¥ : 100.00%)
[2025-09-25T00:07:09.962Z] β… DB μ €μ¥ μ™„λ£: A11054301 2024-2
[2025-09-25T00:07:10.274Z] A10078102 2024-2: 22,945,260μ› (μ„±κ³µλ¥ : 100.00%)
[2025-09-25T00:07:10.312Z] β… DB μ €μ¥ μ™„λ£: A10078102 2024-2
[2025-09-25T00:07:10.974Z] β… μ™„λ£: μ°½μ‹ μμ©1λ‹¨μ§€ - 2κ°μ›” μ²λ¦¬
[2025-09-25T00:07:10.976Z] 
π“ μ²λ¦¬ μ¤‘: μ°½μ‹ μμ©μ•„ννΈ2λ‹¨μ§€ (A11077101)
[2025-09-25T00:07:11.321Z] β… μ™„λ£: νλΌλ‹¤μ΄μ¤ - 2κ°μ›” μ²λ¦¬
[2025-09-25T00:07:11.323Z] 
π“ μ²λ¦¬ μ¤‘: μ²­κµ¬eνΈν•μ„Έμƒμ„λ€ (A10078103)
[2025-09-25T00:07:11.465Z] A14010001 2024-2: 50,899,670μ› (μ„±κ³µλ¥ : 100.00%)
[2025-09-25T00:07:11.588Z] β… DB μ €μ¥ μ™„λ£: A14010001 2024-2
[2025-09-25T00:07:12.589Z] β… μ™„λ£: μ©μ‚°μ•„ν¬λ΅νƒ€μ› - 2κ°μ›” μ²λ¦¬
[2025-09-25T00:07:12.591Z] 
π“ μ²λ¦¬ μ¤‘: μ΄μ•μ©μ‚°ν”„λ¦¬λ―Έμ–΄ (A14010002)
[2025-09-25T00:07:13.124Z] A11077101 2024-1: 91,225,451μ› (μ„±κ³µλ¥ : 100.00%)
[2025-09-25T00:07:13.164Z] β… DB μ €μ¥ μ™„λ£: A11077101 2024-1
[2025-09-25T00:07:13.457Z] A10078103 2024-1: 11,350,280μ› (μ„±κ³µλ¥ : 100.00%)
[2025-09-25T00:07:13.493Z] β… DB μ €μ¥ μ™„λ£: A10078103 2024-1
[2025-09-25T00:07:14.766Z] A14010002 2024-1: 60,270,447μ› (μ„±κ³µλ¥ : 100.00%)
[2025-09-25T00:07:14.830Z] β… DB μ €μ¥ μ™„λ£: A14010002 2024-1
[2025-09-25T00:07:16.442Z] A11077101 2024-2: 90,489,329μ› (μ„±κ³µλ¥ : 100.00%)
[2025-09-25T00:07:16.480Z] β… DB μ €μ¥ μ™„λ£: A11077101 2024-2
[2025-09-25T00:07:16.716Z] A10078103 2024-2: 11,190,690μ› (μ„±κ³µλ¥ : 100.00%)
[2025-09-25T00:07:16.762Z] β… DB μ €μ¥ μ™„λ£: A10078103 2024-2
[2025-09-25T00:07:17.488Z] β… μ™„λ£: μ°½μ‹ μμ©μ•„ννΈ2λ‹¨μ§€ - 2κ°μ›” μ²λ¦¬
[2025-09-25T00:07:17.489Z] 
π“ μ²λ¦¬ μ¤‘: μ­μΈμƒκ°€μ•„ννΈ (A10024713)
[2025-09-25T00:07:17.770Z] β… μ™„λ£: μ²­κµ¬eνΈν•μ„Έμƒμ„λ€ - 2κ°μ›” μ²λ¦¬
[2025-09-25T00:07:17.772Z] 
π“ μ²λ¦¬ μ¤‘: λλ―Έμ•μ‹ λ‹Ήν•μ΄λ² λ¥΄ (A10078901)
[2025-09-25T00:07:18.173Z] A14010002 2024-2: 60,463,467μ› (μ„±κ³µλ¥ : 100.00%)
[2025-09-25T00:07:18.241Z] β… DB μ €μ¥ μ™„λ£: A14010002 2024-2
[2025-09-25T00:07:19.255Z] β… μ™„λ£: μ΄μ•μ©μ‚°ν”„λ¦¬λ―Έμ–΄ - 2κ°μ›” μ²λ¦¬
[2025-09-25T00:07:19.257Z] 
π“ μ²λ¦¬ μ¤‘: μ©μ‚°CJλ‚μΈνν¬ (A14010003)
[2025-09-25T00:07:19.611Z] A10024713 2024-1: 0μ› (μ„±κ³µλ¥ : 100.00%)
[2025-09-25T00:07:19.647Z] β… DB μ €μ¥ μ™„λ£: A10024713 2024-1
[2025-09-25T00:07:19.932Z] A10078901 2024-1: 119,370,151μ› (μ„±κ³µλ¥ : 100.00%)
[2025-09-25T00:07:19.964Z] β… DB μ €μ¥ μ™„λ£: A10078901 2024-1
[2025-09-25T00:07:21.399Z] A14010003 2024-1: 113,748,510μ› (μ„±κ³µλ¥ : 100.00%)
[2025-09-25T00:07:21.433Z] β… DB μ €μ¥ μ™„λ£: A14010003 2024-1
[2025-09-25T00:07:22.798Z] A10024713 2024-2: 0μ› (μ„±κ³µλ¥ : 100.00%)
[2025-09-25T00:07:22.844Z] β… DB μ €μ¥ μ™„λ£: A10024713 2024-2
[2025-09-25T00:07:23.077Z] A10078901 2024-2: 128,219,261μ› (μ„±κ³µλ¥ : 100.00%)
[2025-09-25T00:07:23.120Z] β… DB μ €μ¥ μ™„λ£: A10078901 2024-2
[2025-09-25T00:07:23.850Z] β… μ™„λ£: μ­μΈμƒκ°€μ•„ννΈ - 2κ°μ›” μ²λ¦¬
[2025-09-25T00:07:23.851Z] 
π“ μ²λ¦¬ μ¤‘: μΆ…λ΅μ²­κ³„νμ¤ν…μ΄νΈ (A11055002)
[2025-09-25T00:07:24.127Z] β… μ™„λ£: λλ―Έμ•μ‹ λ‹Ήν•μ΄λ² λ¥΄ - 2κ°μ›” μ²λ¦¬
[2025-09-25T00:07:24.129Z] 
π“ μ²λ¦¬ μ¤‘: λλ―Έμ•μ‹ λ‹Ήν•μ΄λ² λ¥΄μ„λ€ (A10078902)
[2025-09-25T00:07:24.580Z] A14010003 2024-2: 97,995,730μ› (μ„±κ³µλ¥ : 100.00%)
[2025-09-25T00:07:24.615Z] β… DB μ €μ¥ μ™„λ£: A14010003 2024-2
[2025-09-25T00:07:25.626Z] β… μ™„λ£: μ©μ‚°CJλ‚μΈνν¬ - 2κ°μ›” μ²λ¦¬
[2025-09-25T00:07:25.627Z] 
π“ μ²λ¦¬ μ¤‘: μ©μ‚°eνΈν•μ„Έμƒ (A14009001)
[2025-09-25T00:07:26.053Z] A11055002 2024-1: 37,183,909μ› (μ„±κ³µλ¥ : 100.00%)
[2025-09-25T00:07:26.088Z] β… DB μ €μ¥ μ™„λ£: A11055002 2024-1
[2025-09-25T00:07:26.255Z] A10078902 2024-1: 11,037,370μ› (μ„±κ³µλ¥ : 100.00%)
[2025-09-25T00:07:26.283Z] β… DB μ €μ¥ μ™„λ£: A10078902 2024-1
[2025-09-25T00:07:27.781Z] A14009001 2024-1: 161,369,661μ› (μ„±κ³µλ¥ : 100.00%)
[2025-09-25T00:07:27.830Z] β… DB μ €μ¥ μ™„λ£: A14009001 2024-1
[2025-09-25T00:07:29.240Z] A11055002 2024-2: 37,069,030μ› (μ„±κ³µλ¥ : 100.00%)
[2025-09-25T00:07:29.274Z] β… DB μ €μ¥ μ™„λ£: A11055002 2024-2
[2025-09-25T00:07:29.486Z] A10078902 2024-2: 10,621,710μ› (μ„±κ³µλ¥ : 100.00%)
[2025-09-25T00:07:29.528Z] β… DB μ €μ¥ μ™„λ£: A10078902 2024-2
[2025-09-25T00:07:30.279Z] β… μ™„λ£: μΆ…λ΅μ²­κ³„νμ¤ν…μ΄νΈ - 2κ°μ›” μ²λ¦¬
[2025-09-25T00:07:30.280Z] 
π“ μ²λ¦¬ μ¤‘: λ΅―λ°μΊμ¬μ²μ§€μΈ (A11087601)
[2025-09-25T00:07:30.533Z] β… μ™„λ£: λλ―Έμ•μ‹ λ‹Ήν•μ΄λ² λ¥΄μ„λ€ - 2κ°μ›” μ²λ¦¬
[2025-09-25T00:07:30.534Z] 
π“ μ²λ¦¬ μ¤‘: λ™λ€λ¬Έμ™€μ΄μ¦μΊμ¬ (A10095501)
[2025-09-25T00:07:31.202Z] A14009001 2024-2: 130,306,696μ› (μ„±κ³µλ¥ : 100.00%)
[2025-09-25T00:07:31.241Z] β… DB μ €μ¥ μ™„λ£: A14009001 2024-2
[2025-09-25T00:07:32.249Z] β… μ™„λ£: μ©μ‚°eνΈν•μ„Έμƒ - 2κ°μ›” μ²λ¦¬
[2025-09-25T00:07:32.250Z] 
π“ μ²λ¦¬ μ¤‘: λ€μ°μ›”λ“λ§ν¬μ©μ‚° (A14001101)
[2025-09-25T00:07:32.456Z] A11087601 2024-1: 0μ› (μ„±κ³µλ¥ : 100.00%)
[2025-09-25T00:07:32.494Z] β… DB μ €μ¥ μ™„λ£: A11087601 2024-1
[2025-09-25T00:07:32.830Z] A10095501 2024-1: 14,960,725μ› (μ„±κ³µλ¥ : 100.00%)
[2025-09-25T00:07:32.874Z] β… DB μ €μ¥ μ™„λ£: A10095501 2024-1
[2025-09-25T00:07:34.524Z] A14001101 2024-1: 68,889,465μ› (μ„±κ³µλ¥ : 100.00%)
[2025-09-25T00:07:34.580Z] β… DB μ €μ¥ μ™„λ£: A14001101 2024-1
[2025-09-25T00:07:35.642Z] A11087601 2024-2: 53,084,639μ› (μ„±κ³µλ¥ : 100.00%)
[2025-09-25T00:07:35.674Z] β… DB μ €μ¥ μ™„λ£: A11087601 2024-2
[2025-09-25T00:07:36.137Z] A10095501 2024-2: 14,735,968μ› (μ„±κ³µλ¥ : 100.00%)
[2025-09-25T00:07:36.188Z] β… DB μ €μ¥ μ™„λ£: A10095501 2024-2
[2025-09-25T00:07:36.681Z] β… μ™„λ£: λ΅―λ°μΊμ¬μ²μ§€μΈ - 2κ°μ›” μ²λ¦¬
[2025-09-25T00:07:36.682Z] 
π“ μ²λ¦¬ μ¤‘: μΆ…λ΅μ„ΌνΈλ λΉ (A11087602)
[2025-09-25T00:07:37.193Z] β… μ™„λ£: λ™λ€λ¬Έμ™€μ΄μ¦μΊμ¬ - 2κ°μ›” μ²λ¦¬
[2025-09-25T00:07:37.195Z] 
π“ μ²λ¦¬ μ¤‘: μ²­κ³„μ²λ‘μ‚°μ„λΈλ”μ λ‹μ¤ (A10095502)
[2025-09-25T00:07:37.725Z] A14001101 2024-2: 69,152,465μ› (μ„±κ³µλ¥ : 100.00%)
[2025-09-25T00:07:37.773Z] β… DB μ €μ¥ μ™„λ£: A14001101 2024-2
[2025-09-25T00:07:38.774Z] β… μ™„λ£: λ€μ°μ›”λ“λ§ν¬μ©μ‚° - 2κ°μ›” μ²λ¦¬
[2025-09-25T00:07:38.776Z] 
π“ μ²λ¦¬ μ¤‘: ν•κ°•λ΅λ€μ°μ•„μ΄λΉ (A10021269)
[2025-09-25T00:07:38.837Z] A11087602 2024-1: 50,241,409μ› (μ„±κ³µλ¥ : 100.00%)
[2025-09-25T00:07:38.880Z] β… DB μ €μ¥ μ™„λ£: A11087602 2024-1
[2025-09-25T00:07:39.859Z] A10095502 2024-1: 130,629,670μ› (μ„±κ³µλ¥ : 100.00%)
[2025-09-25T00:07:39.907Z] β… DB μ €μ¥ μ™„λ£: A10095502 2024-1
[2025-09-25T00:07:41.407Z] A10021269 2024-1: 0μ› (μ„±κ³µλ¥ : 100.00%)
[2025-09-25T00:07:41.454Z] β… DB μ €μ¥ μ™„λ£: A10021269 2024-1
[2025-09-25T00:07:42.005Z] A11087602 2024-2: 46,306,477μ› (μ„±κ³µλ¥ : 100.00%)
[2025-09-25T00:07:42.058Z] β… DB μ €μ¥ μ™„λ£: A11087602 2024-2
[2025-09-25T00:07:43.033Z] A10095502 2024-2: 138,489,840μ› (μ„±κ³µλ¥ : 100.00%)
[2025-09-25T00:07:43.071Z] β… μ™„λ£: μΆ…λ΅μ„ΌνΈλ λΉ - 2κ°μ›” μ²λ¦¬
[2025-09-25T00:07:43.072Z] 
π“ μ²λ¦¬ μ¤‘: κ²½ν¬κ¶μμ΄3λ‹¨μ§€ (A10027105)
[2025-09-25T00:07:43.089Z] β… DB μ €μ¥ μ™„λ£: A10095502 2024-2
[2025-09-25T00:07:44.099Z] β… μ™„λ£: μ²­κ³„μ²λ‘μ‚°μ„λΈλ”μ λ‹μ¤ - 2κ°μ›” μ²λ¦¬
[2025-09-25T00:07:44.100Z] 
π“ μ²λ¦¬ μ¤‘: ν™©ν•™μ½”μ•„λ£¨ (A10024801)
[2025-09-25T00:07:44.590Z] A10021269 2024-2: 0μ› (μ„±κ³µλ¥ : 100.00%)
[2025-09-25T00:07:44.641Z] β… DB μ €μ¥ μ™„λ£: A10021269 2024-2
[2025-09-25T00:07:45.206Z] A10027105 2024-1: 104,062,209μ› (μ„±κ³µλ¥ : 100.00%)
[2025-09-25T00:07:45.258Z] β… DB μ €μ¥ μ™„λ£: A10027105 2024-1
[2025-09-25T00:07:45.646Z] β… μ™„λ£: ν•κ°•λ΅λ€μ°μ•„μ΄λΉ - 2κ°μ›” μ²λ¦¬
[2025-09-25T00:07:45.647Z] 
π“ μ²λ¦¬ μ¤‘: μ©μ‚°νν¬ μ΄νΈν•μ„Έμƒ (A10023195)
[2025-09-25T00:07:46.223Z] A10024801 2024-1: 0μ› (μ„±κ³µλ¥ : 100.00%)
[2025-09-25T00:07:46.263Z] β… DB μ €μ¥ μ™„λ£: A10024801 2024-1
[2025-09-25T00:07:47.764Z] A10023195 2024-1: 0μ› (μ„±κ³µλ¥ : 100.00%)
[2025-09-25T00:07:47.856Z] β… DB μ €μ¥ μ™„λ£: A10023195 2024-1
[2025-09-25T00:07:48.397Z] A10027105 2024-2: 97,687,574μ› (μ„±κ³µλ¥ : 100.00%)
[2025-09-25T00:07:48.439Z] β… DB μ €μ¥ μ™„λ£: A10027105 2024-2
[2025-09-25T00:07:49.449Z] β… μ™„λ£: κ²½ν¬κ¶μμ΄3λ‹¨μ§€ - 2κ°μ›” μ²λ¦¬
[2025-09-25T00:07:49.450Z] 
π“ μ²λ¦¬ μ¤‘: μΈμ™•μ‚°μ•„μ΄νν¬ (A11081302)
[2025-09-25T00:07:49.591Z] A10024801 2024-2: 0μ› (μ„±κ³µλ¥ : 100.00%)
[2025-09-25T00:07:49.629Z] β… DB μ €μ¥ μ™„λ£: A10024801 2024-2
[2025-09-25T00:07:50.637Z] β… μ™„λ£: ν™©ν•™μ½”μ•„λ£¨ - 2κ°μ›” μ²λ¦¬
[2025-09-25T00:07:50.638Z] 
π“ μ²λ¦¬ μ¤‘: μ•„μ¤ν…λ¦¬μ›€μ©μ‚° (A10026719)
[2025-09-25T00:07:51.170Z] A10023195 2024-2: 0μ› (μ„±κ³µλ¥ : 100.00%)
[2025-09-25T00:07:51.525Z] β… DB μ €μ¥ μ™„λ£: A10023195 2024-2
[2025-09-25T00:07:51.583Z] A11081302 2024-1: 113,059,688μ› (μ„±κ³µλ¥ : 100.00%)
[2025-09-25T00:07:51.629Z] β… DB μ €μ¥ μ™„λ£: A11081302 2024-1
[2025-09-25T00:07:52.528Z] β… μ™„λ£: μ©μ‚°νν¬ μ΄νΈν•μ„Έμƒ - 2κ°μ›” μ²λ¦¬
[2025-09-25T00:07:52.529Z] 
π“ μ²λ¦¬ μ¤‘: μ²­κ³„μ§€μ›°μ—μ¤ν…μ΄νΈ (A10020851)
[2025-09-25T00:07:52.770Z] A10026719 2024-1: 0μ› (μ„±κ³µλ¥ : 100.00%)
[2025-09-25T00:07:52.810Z] β… DB μ €μ¥ μ™„λ£: A10026719 2024-1
[2025-09-25T00:07:54.664Z] A10020851 2024-1: 0μ› (μ„±κ³µλ¥ : 100.00%)
[2025-09-25T00:07:54.711Z] β… DB μ €μ¥ μ™„λ£: A10020851 2024-1
[2025-09-25T00:07:54.757Z] A11081302 2024-2: 110,701,556μ› (μ„±κ³µλ¥ : 100.00%)
[2025-09-25T00:07:54.795Z] β… DB μ €μ¥ μ™„λ£: A11081302 2024-2
[2025-09-25T00:07:55.811Z] β… μ™„λ£: μΈμ™•μ‚°μ•„μ΄νν¬ - 2κ°μ›” μ²λ¦¬
[2025-09-25T00:07:55.813Z] 
π“ μ²λ¦¬ μ¤‘: μ€ν‰λ‰΄νƒ€μ΄μƒλ¦Όλ§μ„2λ‹¨μ§€ (A12220003)
[2025-09-25T00:07:55.971Z] A10026719 2024-2: 0μ› (μ„±κ³µλ¥ : 100.00%)
[2025-09-25T00:07:56.011Z] β… DB μ €μ¥ μ™„λ£: A10026719 2024-2
[2025-09-25T00:07:57.023Z] β… μ™„λ£: μ•„μ¤ν…λ¦¬μ›€μ©μ‚° - 2κ°μ›” μ²λ¦¬
[2025-09-25T00:07:57.025Z] 
π“ μ²λ¦¬ μ¤‘: μ€ν‰λ‰΄νƒ€μ΄μƒλ¦Όλ§μ„6λ‹¨μ§€ (A41279904)
[2025-09-25T00:07:57.906Z] A10020851 2024-2: 0μ› (μ„±κ³µλ¥ : 100.00%)
[2025-09-25T00:07:57.966Z] β… DB μ €μ¥ μ™„λ£: A10020851 2024-2
[2025-09-25T00:07:58.117Z] A12220003 2024-1: 58,050,950μ› (μ„±κ³µλ¥ : 100.00%)
[2025-09-25T00:07:58.165Z] β… DB μ €μ¥ μ™„λ£: A12220003 2024-1
[2025-09-25T00:07:58.972Z] β… μ™„λ£: μ²­κ³„μ§€μ›°μ—μ¤ν…μ΄νΈ - 2κ°μ›” μ²λ¦¬
[2025-09-25T00:07:58.974Z] 
π“ μ²λ¦¬ μ¤‘: μ€ν‰λ‰΄νƒ€μ΄λ°•μ„κ³ κ°1λ‹¨μ§€ (A41279910)
[2025-09-25T00:07:59.165Z] A41279904 2024-1: 42,072,103μ› (μ„±κ³µλ¥ : 100.00%)
[2025-09-25T00:07:59.202Z] β… DB μ €μ¥ μ™„λ£: A41279904 2024-1
[2025-09-25T00:08:01.199Z] A41279910 2024-1: 120,896,799μ› (μ„±κ³µλ¥ : 100.00%)
[2025-09-25T00:08:01.271Z] β… DB μ €μ¥ μ™„λ£: A41279910 2024-1
[2025-09-25T00:08:01.377Z] A12220003 2024-2: 49,716,509μ› (μ„±κ³µλ¥ : 100.00%)
[2025-09-25T00:08:01.430Z] β… DB μ €μ¥ μ™„λ£: A12220003 2024-2
[2025-09-25T00:08:02.444Z] β… μ™„λ£: μ€ν‰λ‰΄νƒ€μ΄μƒλ¦Όλ§μ„2λ‹¨μ§€ - 2κ°μ›” μ²λ¦¬
[2025-09-25T00:08:02.445Z] 
π“ μ²λ¦¬ μ¤‘: μ€ν‰λ‰΄νƒ€μ΄μƒλ¦Όλ§μ„12λ‹¨μ§€ (A12220004)
[2025-09-25T00:08:03.589Z] A41279904 2024-2: 41,235,416μ› (μ„±κ³µλ¥ : 100.00%)
[2025-09-25T00:08:03.660Z] β… DB μ €μ¥ μ™„λ£: A41279904 2024-2
[2025-09-25T00:08:04.677Z] β… μ™„λ£: μ€ν‰λ‰΄νƒ€μ΄μƒλ¦Όλ§μ„6λ‹¨μ§€ - 2κ°μ›” μ²λ¦¬
[2025-09-25T00:08:04.678Z] 
π“ μ²λ¦¬ μ¤‘: λ΅―λ°μΊμ¬λ² λ„¤μΉμ•„ (A10044002)
[2025-09-25T00:08:06.240Z] A12220004 2024-1: 48,592,423μ› (μ„±κ³µλ¥ : 100.00%)
[2025-09-25T00:08:06.296Z] A41279910 2024-2: 116,242,416μ› (μ„±κ³µλ¥ : 100.00%)
[2025-09-25T00:08:06.312Z] β… DB μ €μ¥ μ™„λ£: A12220004 2024-1
[2025-09-25T00:08:06.384Z] β… DB μ €μ¥ μ™„λ£: A41279910 2024-2
[2025-09-25T00:08:07.391Z] β… μ™„λ£: μ€ν‰λ‰΄νƒ€μ΄λ°•μ„κ³ κ°1λ‹¨μ§€ - 2κ°μ›” μ²λ¦¬
[2025-09-25T00:08:07.395Z] 
π“ μ²λ¦¬ μ¤‘: νν¬νƒ€μ› (A14002501)
[2025-09-25T00:08:08.082Z] A10044002 2024-1: 219,967,162μ› (μ„±κ³µλ¥ : 100.00%)
[2025-09-25T00:08:08.146Z] β… DB μ €μ¥ μ™„λ£: A10044002 2024-1
[2025-09-25T00:08:09.612Z] A12220004 2024-2: 47,259,646μ› (μ„±κ³µλ¥ : 100.00%)
[2025-09-25T00:08:09.649Z] β… DB μ €μ¥ μ™„λ£: A12220004 2024-2
[2025-09-25T00:08:09.697Z] A14002501 2024-1: 347,918,170μ› (μ„±κ³µλ¥ : 100.00%)
[2025-09-25T00:08:09.754Z] β… DB μ €μ¥ μ™„λ£: A14002501 2024-1
[2025-09-25T00:08:10.650Z] β… μ™„λ£: μ€ν‰λ‰΄νƒ€μ΄μƒλ¦Όλ§μ„12λ‹¨μ§€ - 2κ°μ›” μ²λ¦¬
[2025-09-25T00:08:10.652Z] 
π“ μ²λ¦¬ μ¤‘: κ²½ν¬κ¶μμ΄4λ‹¨μ§€μ£Όμƒλ³µν•© (A10026940)
[2025-09-25T00:08:11.538Z] A10044002 2024-2: 205,879,188μ› (μ„±κ³µλ¥ : 100.00%)
[2025-09-25T00:08:11.577Z] β… DB μ €μ¥ μ™„λ£: A10044002 2024-2
[2025-09-25T00:08:12.592Z] β… μ™„λ£: λ΅―λ°μΊμ¬λ² λ„¤μΉμ•„ - 2κ°μ›” μ²λ¦¬
[2025-09-25T00:08:12.594Z] 
π“ μ²λ¦¬ μ¤‘: ν™©ν•™μ•„ν¬λ΅νƒ€μ› (A10086801)
[2025-09-25T00:08:13.356Z] A10026940 2024-1: 20,838,398μ› (μ„±κ³µλ¥ : 100.00%)
[2025-09-25T00:08:13.390Z] A14002501 2024-2: 352,489,450μ› (μ„±κ³µλ¥ : 100.00%)
[2025-09-25T00:08:13.422Z] β… DB μ €μ¥ μ™„λ£: A10026940 2024-1
[2025-09-25T00:08:13.438Z] β… DB μ €μ¥ μ™„λ£: A14002501 2024-2
[2025-09-25T00:08:14.444Z] β… μ™„λ£: νν¬νƒ€μ› - 2κ°μ›” μ²λ¦¬
[2025-09-25T00:08:14.445Z] 
π“ μ²λ¦¬ μ¤‘: μ—ν”Όμ†λ“μ©μ‚°241 (A10022504)
[2025-09-25T00:08:14.875Z] A10086801 2024-1: 58,681,266μ› (μ„±κ³µλ¥ : 100.00%)
[2025-09-25T00:08:14.927Z] β… DB μ €μ¥ μ™„λ£: A10086801 2024-1
[2025-09-25T00:08:16.611Z] A10026940 2024-2: 0μ› (μ„±κ³µλ¥ : 100.00%)
[2025-09-25T00:08:16.663Z] β… DB μ €μ¥ μ™„λ£: A10026940 2024-2
[2025-09-25T00:08:16.824Z] A10022504 2024-1: 0μ› (μ„±κ³µλ¥ : 100.00%)
[2025-09-25T00:08:16.868Z] β… DB μ €μ¥ μ™„λ£: A10022504 2024-1
[2025-09-25T00:08:17.673Z] β… μ™„λ£: κ²½ν¬κ¶μμ΄4λ‹¨μ§€μ£Όμƒλ³µν•© - 2κ°μ›” μ²λ¦¬
[2025-09-25T00:08:17.675Z] 
π“ μ²λ¦¬ μ¤‘: κ²½ν¬κ¶μμ΄1λ‹¨μ§€(μ„λ€μ•„ννΈ) (A10026946)
[2025-09-25T00:08:18.084Z] A10086801 2024-2: 55,615,301μ› (μ„±κ³µλ¥ : 100.00%)
[2025-09-25T00:08:18.116Z] β… DB μ €μ¥ μ™„λ£: A10086801 2024-2
[2025-09-25T00:08:19.130Z] β… μ™„λ£: ν™©ν•™μ•„ν¬λ΅νƒ€μ› - 2κ°μ›” μ²λ¦¬
[2025-09-25T00:08:19.131Z] 
π“ μ²λ¦¬ μ¤‘: μ •λ™μƒλ¦Όμ›μ•„ννΈ (A10023548)
[2025-09-25T00:08:19.841Z] A10026946 2024-1: 38,369,680μ› (μ„±κ³µλ¥ : 100.00%)
[2025-09-25T00:08:19.895Z] β… DB μ €μ¥ μ™„λ£: A10026946 2024-1
[2025-09-25T00:08:19.985Z] A10022504 2024-2: 0μ› (μ„±κ³µλ¥ : 100.00%)
[2025-09-25T00:08:20.032Z] β… DB μ €μ¥ μ™„λ£: A10022504 2024-2
[2025-09-25T00:08:21.035Z] β… μ™„λ£: μ—ν”Όμ†λ“μ©μ‚°241 - 2κ°μ›” μ²λ¦¬
[2025-09-25T00:08:21.037Z] 
π“ μ²λ¦¬ μ¤‘: μ©μ‚°μ„ΌνΈλ΄νν¬ (A10024691)
[2025-09-25T00:08:21.252Z] A10023548 2024-1: 0μ› (μ„±κ³µλ¥ : 100.00%)
[2025-09-25T00:08:21.288Z] β… DB μ €μ¥ μ™„λ£: A10023548 2024-1
[2025-09-25T00:08:23.105Z] A10026946 2024-2: 36,329,040μ› (μ„±κ³µλ¥ : 100.00%)
[2025-09-25T00:08:23.139Z] β… DB μ €μ¥ μ™„λ£: A10026946 2024-2
[2025-09-25T00:08:23.160Z] A10024691 2024-1: 307,996,582μ› (μ„±κ³µλ¥ : 100.00%)
[2025-09-25T00:08:23.200Z] β… DB μ €μ¥ μ™„λ£: A10024691 2024-1
[2025-09-25T00:08:24.142Z] β… μ™„λ£: κ²½ν¬κ¶μμ΄1λ‹¨μ§€(μ„λ€μ•„ννΈ) - 2κ°μ›” μ²λ¦¬
[2025-09-25T00:08:24.144Z] 
π“ μ²λ¦¬ μ¤‘: κµ¬κΈ°λ™ μ²­κµ¬λΉλΌ (A10021355)
[2025-09-25T00:08:24.428Z] A10023548 2024-2: 0μ› (μ„±κ³µλ¥ : 100.00%)
[2025-09-25T00:08:24.465Z] β… DB μ €μ¥ μ™„λ£: A10023548 2024-2
[2025-09-25T00:08:25.477Z] β… μ™„λ£: μ •λ™μƒλ¦Όμ›μ•„ννΈ - 2κ°μ›” μ²λ¦¬
[2025-09-25T00:08:25.478Z] 
π“ μ²λ¦¬ μ¤‘: μ‚Όμ •μ•„νΈν…λΌμ¤μ •λ™ (A10024359)
[2025-09-25T00:08:26.279Z] A10021355 2024-1: 0μ› (μ„±κ³µλ¥ : 100.00%)
[2025-09-25T00:08:26.319Z] β… DB μ €μ¥ μ™„λ£: A10021355 2024-1
[2025-09-25T00:08:26.573Z] A10024691 2024-2: 296,401,216μ› (μ„±κ³µλ¥ : 100.00%)
[2025-09-25T00:08:26.654Z] β… DB μ €μ¥ μ™„λ£: A10024691 2024-2
[2025-09-25T00:08:27.656Z] β… μ™„λ£: μ©μ‚°μ„ΌνΈλ΄νν¬ - 2κ°μ›” μ²λ¦¬
[2025-09-25T00:08:27.658Z] 
π“ μ²λ¦¬ μ¤‘: ν•κ°•λ΅μμ©μ¤μ—λ‹·ν™μ•„ννΈ (A10025626)
[2025-09-25T00:08:27.657Z] A10024359 2024-1: 17,298,776μ› (μ„±κ³µλ¥ : 100.00%)
[2025-09-25T00:08:27.947Z] β… DB μ €μ¥ μ™„λ£: A10024359 2024-1
[2025-09-25T00:08:29.479Z] A10021355 2024-2: 0μ› (μ„±κ³µλ¥ : 100.00%)
[2025-09-25T00:08:29.518Z] β… DB μ €μ¥ μ™„λ£: A10021355 2024-2
[2025-09-25T00:08:30.124Z] A10025626 2024-1: 0μ› (μ„±κ³µλ¥ : 100.00%)
[2025-09-25T00:08:30.180Z] β… DB μ €μ¥ μ™„λ£: A10025626 2024-1
[2025-09-25T00:08:30.533Z] β… μ™„λ£: κµ¬κΈ°λ™ μ²­κµ¬λΉλΌ - 2κ°μ›” μ²λ¦¬
[2025-09-25T00:08:30.534Z] 
π“ μ²λ¦¬ μ¤‘: λ™μµλΉλΌ (A10024669)
[2025-09-25T00:08:31.121Z] A10024359 2024-2: 16,548,523μ› (μ„±κ³µλ¥ : 100.00%)
[2025-09-25T00:08:31.154Z] β… DB μ €μ¥ μ™„λ£: A10024359 2024-2
[2025-09-25T00:08:32.161Z] β… μ™„λ£: μ‚Όμ •μ•„νΈν…λΌμ¤μ •λ™ - 2κ°μ›” μ²λ¦¬
[2025-09-25T00:08:32.163Z] 
π“ μ²λ¦¬ μ¤‘: μν™”λ™ν¬μ¤μ½”λ”μƒµ (A10024756)
[2025-09-25T00:08:32.668Z] A10024669 2024-1: 0μ› (μ„±κ³µλ¥ : 100.00%)
[2025-09-25T00:08:32.707Z] β… DB μ €μ¥ μ™„λ£: A10024669 2024-1
[2025-09-25T00:08:33.315Z] A10025626 2024-2: 0μ› (μ„±κ³µλ¥ : 100.00%)
[2025-09-25T00:08:33.352Z] β… DB μ €μ¥ μ™„λ£: A10025626 2024-2
[2025-09-25T00:08:34.284Z] A10024756 2024-1: 0μ› (μ„±κ³µλ¥ : 100.00%)
[2025-09-25T00:08:34.314Z] β… DB μ €μ¥ μ™„λ£: A10024756 2024-1
[2025-09-25T00:08:34.360Z] β… μ™„λ£: ν•κ°•λ΅μμ©μ¤μ—λ‹·ν™μ•„ννΈ - 2κ°μ›” μ²λ¦¬
[2025-09-25T00:08:34.361Z] 
π“ μ²λ¦¬ μ¤‘: μ©μ‚°μ‹ν‹°νν¬1λ‹¨μ§€ (A14001303)
[2025-09-25T00:08:35.842Z] A10024669 2024-2: 0μ› (μ„±κ³µλ¥ : 100.00%)
[2025-09-25T00:08:35.877Z] β… DB μ €μ¥ μ™„λ£: A10024669 2024-2
[2025-09-25T00:08:36.473Z] A14001303 2024-1: 180,731,693μ› (μ„±κ³µλ¥ : 100.00%)
[2025-09-25T00:08:36.507Z] β… DB μ €μ¥ μ™„λ£: A14001303 2024-1
[2025-09-25T00:08:36.882Z] β… μ™„λ£: λ™μµλΉλΌ - 2κ°μ›” μ²λ¦¬
[2025-09-25T00:08:36.883Z] 
π“ μ²λ¦¬ μ¤‘: ν‰μ°½λ™ λ΅―λ°μΊμ¬λ΅μ” (A10021278)
[2025-09-25T00:08:37.498Z] A10024756 2024-2: 0μ› (μ„±κ³µλ¥ : 100.00%)
[2025-09-25T00:08:37.543Z] β… DB μ €μ¥ μ™„λ£: A10024756 2024-2
[2025-09-25T00:08:38.548Z] β… μ™„λ£: μν™”λ™ν¬μ¤μ½”λ”μƒµ - 2κ°μ›” μ²λ¦¬
[2025-09-25T00:08:38.549Z] 
π“ μ²λ¦¬ μ¤‘: λ•μκ¶λ΅―λ°μΊμ¬μ•„ννΈ (A10027364)
[2025-09-25T00:08:39.097Z] A10021278 2024-1: 0μ› (μ„±κ³µλ¥ : 100.00%)
[2025-09-25T00:08:39.127Z] β… DB μ €μ¥ μ™„λ£: A10021278 2024-1
[2025-09-25T00:08:40.178Z] A14001303 2024-2: 183,035,413μ› (μ„±κ³µλ¥ : 100.00%)
[2025-09-25T00:08:40.224Z] β… DB μ €μ¥ μ™„λ£: A14001303 2024-2
[2025-09-25T00:08:40.684Z] A10027364 2024-1: 61,820,249μ› (μ„±κ³µλ¥ : 100.00%)
[2025-09-25T00:08:40.722Z] β… DB μ €μ¥ μ™„λ£: A10027364 2024-1
[2025-09-25T00:08:41.226Z] β… μ™„λ£: μ©μ‚°μ‹ν‹°νν¬1λ‹¨μ§€ - 2κ°μ›” μ²λ¦¬
[2025-09-25T00:08:41.228Z] 
π“ μ²λ¦¬ μ¤‘: ν•κ°•λ΅μ°λ¦Όν•„μ  (A14074501)
[2025-09-25T00:08:42.544Z] A10021278 2024-2: 0μ› (μ„±κ³µλ¥ : 100.00%)
[2025-09-25T00:08:42.578Z] β… DB μ €μ¥ μ™„λ£: A10021278 2024-2
[2025-09-25T00:08:43.340Z] A14074501 2024-1: 0μ› (μ„±κ³µλ¥ : 100.00%)
[2025-09-25T00:08:43.391Z] β… DB μ €μ¥ μ™„λ£: A14074501 2024-1
[2025-09-25T00:08:43.594Z] β… μ™„λ£: ν‰μ°½λ™ λ΅―λ°μΊμ¬λ΅μ” - 2κ°μ›” μ²λ¦¬
[2025-09-25T00:08:43.595Z] 
π“ μ²λ¦¬ μ¤‘: κΈκ°•ν•μ΄μΈ λΉλΌ (A10021787)
[2025-09-25T00:08:43.943Z] A10027364 2024-2: 63,915,069μ› (μ„±κ³µλ¥ : 100.00%)
[2025-09-25T00:08:43.973Z] β… DB μ €μ¥ μ™„λ£: A10027364 2024-2
[2025-09-25T00:08:44.978Z] β… μ™„λ£: λ•μκ¶λ΅―λ°μΊμ¬μ•„ννΈ - 2κ°μ›” μ²λ¦¬
[2025-09-25T00:08:44.979Z] 
π“ μ²λ¦¬ μ¤‘: λ”ν”λ μ΄μ¤μ¶©μ •λ΅ (A10023788)
[2025-09-25T00:08:45.730Z] A10021787 2024-1: 0μ› (μ„±κ³µλ¥ : 100.00%)
[2025-09-25T00:08:45.764Z] β… DB μ €μ¥ μ™„λ£: A10021787 2024-1
[2025-09-25T00:08:46.600Z] A14074501 2024-2: 0μ› (μ„±κ³µλ¥ : 100.00%)
[2025-09-25T00:08:46.644Z] β… DB μ €μ¥ μ™„λ£: A14074501 2024-2
[2025-09-25T00:08:47.118Z] A10023788 2024-1: 44,067,660μ› (μ„±κ³µλ¥ : 100.00%)
[2025-09-25T00:08:47.158Z] β… DB μ €μ¥ μ™„λ£: A10023788 2024-1
[2025-09-25T00:08:47.650Z] β… μ™„λ£: ν•κ°•λ΅μ°λ¦Όν•„μ  - 2κ°μ›” μ²λ¦¬
[2025-09-25T00:08:47.651Z] 
π“ μ²λ¦¬ μ¤‘: μ‹ν‹°νν¬2λ‹¨μ§€ (A14088201)
[2025-09-25T00:08:48.875Z] A10021787 2024-2: 0μ› (μ„±κ³µλ¥ : 100.00%)
[2025-09-25T00:08:48.911Z] β… DB μ €μ¥ μ™„λ£: A10021787 2024-2
[2025-09-25T00:08:49.806Z] A14088201 2024-1: 110,899,299μ› (μ„±κ³µλ¥ : 100.00%)
[2025-09-25T00:08:49.849Z] β… DB μ €μ¥ μ™„λ£: A14088201 2024-1
[2025-09-25T00:08:49.924Z] β… μ™„λ£: κΈκ°•ν•μ΄μΈ λΉλΌ - 2κ°μ›” μ²λ¦¬
[2025-09-25T00:08:49.925Z] 
π“ μ²λ¦¬ μ¤‘: κΈκ°•μ£Όνƒ (A10024780)
[2025-09-25T00:08:50.421Z] A10023788 2024-2: 48,085,390μ› (μ„±κ³µλ¥ : 100.00%)
[2025-09-25T00:08:50.456Z] β… DB μ €μ¥ μ™„λ£: A10023788 2024-2
[2025-09-25T00:08:51.462Z] β… μ™„λ£: λ”ν”λ μ΄μ¤μ¶©μ •λ΅ - 2κ°μ›” μ²λ¦¬
[2025-09-25T00:08:51.464Z] 
π“ μ²λ¦¬ μ¤‘: μ¤‘λ¦Όμ‚Όμ„±λλ―Έμ•μ•„ννΈ (A10085902)
[2025-09-25T00:08:52.065Z] A10024780 2024-1: 0μ› (μ„±κ³µλ¥ : 100.00%)
[2025-09-25T00:08:52.119Z] β… DB μ €μ¥ μ™„λ£: A10024780 2024-1
[2025-09-25T00:08:53.510Z] A14088201 2024-2: 110,575,662μ› (μ„±κ³µλ¥ : 100.00%)
[2025-09-25T00:08:53.545Z] β… DB μ €μ¥ μ™„λ£: A14088201 2024-2
[2025-09-25T00:08:53.588Z] A10085902 2024-1: 24,802,660μ› (μ„±κ³µλ¥ : 100.00%)
[2025-09-25T00:08:53.638Z] β… DB μ €μ¥ μ™„λ£: A10085902 2024-1
[2025-09-25T00:08:54.556Z] β… μ™„λ£: μ‹ν‹°νν¬2λ‹¨μ§€ - 2κ°μ›” μ²λ¦¬
[2025-09-25T00:08:54.557Z] 
π“ μ²λ¦¬ μ¤‘: ν•κ°•νΈλΌν”„μ›”λ“3μ°¨ (A14088302)
[2025-09-25T00:08:55.264Z] A10024780 2024-2: 0μ› (μ„±κ³µλ¥ : 100.00%)
[2025-09-25T00:08:55.305Z] β… DB μ €μ¥ μ™„λ£: A10024780 2024-2
[2025-09-25T00:08:56.314Z] β… μ™„λ£: κΈκ°•μ£Όνƒ - 2κ°μ›” μ²λ¦¬
[2025-09-25T00:08:56.316Z] 
π“ μ²λ¦¬ μ¤‘: ν‰μ°½μ‚Όμ„± (A11001203)
[2025-09-25T00:08:56.683Z] A14088302 2024-1: 0μ› (μ„±κ³µλ¥ : 100.00%)
[2025-09-25T00:08:56.728Z] β… DB μ €μ¥ μ™„λ£: A14088302 2024-1
[2025-09-25T00:08:56.785Z] A10085902 2024-2: 25,317,590μ› (μ„±κ³µλ¥ : 100.00%)
[2025-09-25T00:08:56.844Z] β… DB μ €μ¥ μ™„λ£: A10085902 2024-2
[2025-09-25T00:08:57.853Z] β… μ™„λ£: μ¤‘λ¦Όμ‚Όμ„±λλ―Έμ•μ•„ννΈ - 2κ°μ›” μ²λ¦¬
[2025-09-25T00:08:57.855Z] 
π“ μ²λ¦¬ μ¤‘: μ¤‘λ¦Όμ‚Όμ„±μ‚¬μ΄λ²„λΉλ¦¬μ§€ (A10085903)
[2025-09-25T00:08:58.812Z] A11001203 2024-1: 22,421,170μ› (μ„±κ³µλ¥ : 100.00%)
[2025-09-25T00:08:58.849Z] β… DB μ €μ¥ μ™„λ£: A11001203 2024-1
[2025-09-25T00:08:59.953Z] A14088302 2024-2: 0μ› (μ„±κ³µλ¥ : 100.00%)
[2025-09-25T00:08:59.997Z] β… DB μ €μ¥ μ™„λ£: A14088302 2024-2
[2025-09-25T00:09:00.061Z] A10085903 2024-1: 87,121,351μ› (μ„±κ³µλ¥ : 100.00%)
[2025-09-25T00:09:00.096Z] β… DB μ €μ¥ μ™„λ£: A10085903 2024-1
[2025-09-25T00:09:01.012Z] β… μ™„λ£: ν•κ°•νΈλΌν”„μ›”λ“3μ°¨ - 2κ°μ›” μ²λ¦¬
[2025-09-25T00:09:01.018Z] 
π“ μ²λ¦¬ μ¤‘: λ™μ›λ² λ„¤μ¤νΈ μ•„ννΈ (A10022800)
[2025-09-25T00:09:02.105Z] A11001203 2024-2: 22,589,500μ› (μ„±κ³µλ¥ : 100.00%)
[2025-09-25T00:09:02.142Z] β… DB μ €μ¥ μ™„λ£: A11001203 2024-2
[2025-09-25T00:09:03.147Z] β… μ™„λ£: ν‰μ°½μ‚Όμ„± - 2κ°μ›” μ²λ¦¬
[2025-09-25T00:09:03.148Z] 
π“ μ²λ¦¬ μ¤‘: ν‰μ°½λ΅―λ° (A11084601)
[2025-09-25T00:09:04.650Z] A10085903 2024-2: 80,812,391μ› (μ„±κ³µλ¥ : 100.00%)
[2025-09-25T00:09:04.851Z] β… DB μ €μ¥ μ™„λ£: A10085903 2024-2
[2025-09-25T00:09:05.450Z] A10022800 2024-1: 0μ› (μ„±κ³µλ¥ : 100.00%)
[2025-09-25T00:09:05.520Z] β… DB μ €μ¥ μ™„λ£: A10022800 2024-1
[2025-09-25T00:09:05.857Z] β… μ™„λ£: μ¤‘λ¦Όμ‚Όμ„±μ‚¬μ΄λ²„λΉλ¦¬μ§€ - 2κ°μ›” μ²λ¦¬
[2025-09-25T00:09:05.858Z] 
π“ μ²λ¦¬ μ¤‘: λΈλΌμ΄μ¤ν†¤μ„μΈμ•„ννΈ (A10095301)
[2025-09-25T00:09:06.565Z] A11084601 2024-1: 31,736,892μ› (μ„±κ³µλ¥ : 100.00%)
[2025-09-25T00:09:06.680Z] β… DB μ €μ¥ μ™„λ£: A11084601 2024-1
[2025-09-25T00:09:08.457Z] A10095301 2024-1: 0μ› (μ„±κ³µλ¥ : 100.00%)
[2025-09-25T00:09:08.490Z] β… DB μ €μ¥ μ™„λ£: A10095301 2024-1
[2025-09-25T00:09:08.731Z] A10022800 2024-2: 0μ› (μ„±κ³µλ¥ : 100.00%)
[2025-09-25T00:09:08.767Z] β… DB μ €μ¥ μ™„λ£: A10022800 2024-2
[2025-09-25T00:09:09.776Z] β… μ™„λ£: λ™μ›λ² λ„¤μ¤νΈ μ•„ννΈ - 2κ°μ›” μ²λ¦¬
[2025-09-25T00:09:09.777Z] 
π“ μ²λ¦¬ μ¤‘: λΉλΌλ§¨μ…μ•„ννΈ (A10023360)
[2025-09-25T00:09:09.937Z] A11084601 2024-2: 32,400,196μ› (μ„±κ³µλ¥ : 100.00%)
[2025-09-25T00:09:09.973Z] β… DB μ €μ¥ μ™„λ£: A11084601 2024-2
[2025-09-25T00:09:10.976Z] β… μ™„λ£: ν‰μ°½λ΅―λ° - 2κ°μ›” μ²λ¦¬
[2025-09-25T00:09:10.978Z] 
π“ μ²λ¦¬ μ¤‘: μΈμ™•μ‚°2μ°¨μ•„μ΄νν¬μ•„ννΈ (A10027708)
[2025-09-25T00:09:11.656Z] A10095301 2024-2: 0μ› (μ„±κ³µλ¥ : 100.00%)
[2025-09-25T00:09:11.693Z] β… DB μ €μ¥ μ™„λ£: A10095301 2024-2
[2025-09-25T00:09:11.895Z] A10023360 2024-1: 0μ› (μ„±κ³µλ¥ : 100.00%)
[2025-09-25T00:09:11.929Z] β… DB μ €μ¥ μ™„λ£: A10023360 2024-1
[2025-09-25T00:09:12.700Z] β… μ™„λ£: λΈλΌμ΄μ¤ν†¤μ„μΈμ•„ννΈ - 2κ°μ›” μ²λ¦¬
[2025-09-25T00:09:12.702Z] 
π“ μ²λ¦¬ μ¤‘: μ—μ•„μ΄μ§€μ„μΈμ—­λ¦¬κ°€ (A10080701)
[2025-09-25T00:09:13.156Z] A10027708 2024-1: 25,879,719μ› (μ„±κ³µλ¥ : 100.00%)
[2025-09-25T00:09:13.207Z] β… DB μ €μ¥ μ™„λ£: A10027708 2024-1
[2025-09-25T00:09:14.847Z] A10080701 2024-1: 24,219,524μ› (μ„±κ³µλ¥ : 100.00%)
[2025-09-25T00:09:14.877Z] β… DB μ €μ¥ μ™„λ£: A10080701 2024-1
[2025-09-25T00:09:15.191Z] A10023360 2024-2: 0μ› (μ„±κ³µλ¥ : 100.00%)
[2025-09-25T00:09:15.235Z] β… DB μ €μ¥ μ™„λ£: A10023360 2024-2
[2025-09-25T00:09:16.242Z] β… μ™„λ£: λΉλΌλ§¨μ…μ•„ννΈ - 2κ°μ›” μ²λ¦¬
[2025-09-25T00:09:16.244Z] 
π“ μ²λ¦¬ μ¤‘: λλ―Έμ•μ²Όλ¦¬ν¬μ¤ (A10027908)
[2025-09-25T00:09:16.340Z] A10027708 2024-2: 24,028,379μ› (μ„±κ³µλ¥ : 100.00%)
[2025-09-25T00:09:16.376Z] β… DB μ €μ¥ μ™„λ£: A10027708 2024-2
[2025-09-25T00:09:17.378Z] β… μ™„λ£: μΈμ™•μ‚°2μ°¨μ•„μ΄νν¬μ•„ννΈ - 2κ°μ›” μ²λ¦¬
[2025-09-25T00:09:17.379Z] 
π“ μ²λ¦¬ μ¤‘: λ¬΄μ•…ν„λ€μ„λ€μ•„ννΈ (A11008001)
[2025-09-25T00:09:17.996Z] A10080701 2024-2: 24,474,836μ› (μ„±κ³µλ¥ : 100.00%)
[2025-09-25T00:09:18.038Z] β… DB μ €μ¥ μ™„λ£: A10080701 2024-2
[2025-09-25T00:09:18.366Z] A10027908 2024-1: 196,090,293μ› (μ„±κ³µλ¥ : 100.00%)
[2025-09-25T00:09:18.399Z] β… DB μ €μ¥ μ™„λ£: A10027908 2024-1
[2025-09-25T00:09:19.046Z] β… μ™„λ£: μ—μ•„μ΄μ§€μ„μΈμ—­λ¦¬κ°€ - 2κ°μ›” μ²λ¦¬
[2025-09-25T00:09:19.049Z] 
π“ μ²λ¦¬ μ¤‘: μ€ν‰λ‰΄νƒ€μ΄μƒλ¦Όλ§μ„4λ‹¨μ§€ (A41279905)
[2025-09-25T00:09:20.016Z] A11008001 2024-1: 33,213,136μ› (μ„±κ³µλ¥ : 100.00%)
[2025-09-25T00:09:20.079Z] β… DB μ €μ¥ μ™„λ£: A11008001 2024-1
[2025-09-25T00:09:21.684Z] A10027908 2024-2: 191,816,791μ› (μ„±κ³µλ¥ : 100.00%)
[2025-09-25T00:09:21.742Z] β… DB μ €μ¥ μ™„λ£: A10027908 2024-2
[2025-09-25T00:09:21.786Z] A41279905 2024-1: 27,165,797μ› (μ„±κ³µλ¥ : 100.00%)
[2025-09-25T00:09:21.839Z] β… DB μ €μ¥ μ™„λ£: A41279905 2024-1
[2025-09-25T00:09:22.750Z] β… μ™„λ£: λλ―Έμ•μ²Όλ¦¬ν¬μ¤ - 2κ°μ›” μ²λ¦¬
[2025-09-25T00:09:22.752Z] 
π“ μ²λ¦¬ μ¤‘: λ™λ¶€μ΄μ΄λ™μ°μ„± (A14003001)
[2025-09-25T00:09:23.491Z] A11008001 2024-2: 33,661,506μ› (μ„±κ³µλ¥ : 100.00%)
[2025-09-25T00:09:23.543Z] β… DB μ €μ¥ μ™„λ£: A11008001 2024-2
[2025-09-25T00:09:24.557Z] β… μ™„λ£: λ¬΄μ•…ν„λ€μ„λ€μ•„ννΈ - 2κ°μ›” μ²λ¦¬
[2025-09-25T00:09:24.559Z] 
π“ μ²λ¦¬ μ¤‘: λλ―Έμ•μ©μ‚°μ•„ννΈ (A10026922)
[2025-09-25T00:09:24.991Z] A14003001 2024-1: 46,877,348μ› (μ„±κ³µλ¥ : 100.00%)
[2025-09-25T00:09:25.044Z] β… DB μ €μ¥ μ™„λ£: A14003001 2024-1
[2025-09-25T00:09:25.111Z] A41279905 2024-2: 27,852,948μ› (μ„±κ³µλ¥ : 100.00%)
[2025-09-25T00:09:25.146Z] β… DB μ €μ¥ μ™„λ£: A41279905 2024-2
[2025-09-25T00:09:26.158Z] β… μ™„λ£: μ€ν‰λ‰΄νƒ€μ΄μƒλ¦Όλ§μ„4λ‹¨μ§€ - 2κ°μ›” μ²λ¦¬
[2025-09-25T00:09:26.159Z] 
π“ μ²λ¦¬ μ¤‘: μ€ν‰λ‰΄νƒ€μ΄μƒλ¦Όλ§μ„10λ‹¨μ§€ (A41279906)
[2025-09-25T00:09:26.735Z] A10026922 2024-1: 0μ› (μ„±κ³µλ¥ : 100.00%)
[2025-09-25T00:09:26.794Z] β… DB μ €μ¥ μ™„λ£: A10026922 2024-1
[2025-09-25T00:09:28.173Z] A14003001 2024-2: 45,409,478μ› (μ„±κ³µλ¥ : 100.00%)
[2025-09-25T00:09:28.212Z] β… DB μ €μ¥ μ™„λ£: A14003001 2024-2
[2025-09-25T00:09:28.295Z] A41279906 2024-1: 32,858,200μ› (μ„±κ³µλ¥ : 100.00%)
[2025-09-25T00:09:28.334Z] β… DB μ €μ¥ μ™„λ£: A41279906 2024-1
[2025-09-25T00:09:29.221Z] β… μ™„λ£: λ™λ¶€μ΄μ΄λ™μ°μ„± - 2κ°μ›” μ²λ¦¬
[2025-09-25T00:09:29.222Z] 
π“ μ²λ¦¬ μ¤‘: μ€ν‰λ‰΄νƒ€μ΄λ°•μ„κ³ κ°μ 12λ‹¨μ§€μ•„ννΈ (A41279911)
[2025-09-25T00:09:30.499Z] A10026922 2024-2: 110,011,505μ› (μ„±κ³µλ¥ : 100.00%)
[2025-09-25T00:09:30.538Z] β… DB μ €μ¥ μ™„λ£: A10026922 2024-2
[2025-09-25T00:09:31.346Z] A41279911 2024-1: 77,776,664μ› (μ„±κ³µλ¥ : 100.00%)
[2025-09-25T00:09:31.389Z] β… DB μ €μ¥ μ™„λ£: A41279911 2024-1
[2025-09-25T00:09:31.469Z] A41279906 2024-2: 32,959,828μ› (μ„±κ³µλ¥ : 100.00%)
[2025-09-25T00:09:31.508Z] β… DB μ €μ¥ μ™„λ£: A41279906 2024-2
[2025-09-25T00:09:31.544Z] β… μ™„λ£: λλ―Έμ•μ©μ‚°μ•„ννΈ - 2κ°μ›” μ²λ¦¬
[2025-09-25T00:09:31.545Z] 
π“ μ²λ¦¬ μ¤‘: μ€ν‰λ‰΄νƒ€μ΄μƒλ¦Όλ§μ„1λ‹¨μ§€ (A12220005)
[2025-09-25T00:09:32.518Z] β… μ™„λ£: μ€ν‰λ‰΄νƒ€μ΄μƒλ¦Όλ§μ„10λ‹¨μ§€ - 2κ°μ›” μ²λ¦¬
[2025-09-25T00:09:32.520Z] 
π“ μ²λ¦¬ μ¤‘: ν›„μ•”λ―Έμ£Ό (A14019001)
[2025-09-25T00:09:33.666Z] A12220005 2024-1: 61,880,868μ› (μ„±κ³µλ¥ : 100.00%)
[2025-09-25T00:09:33.708Z] β… DB μ €μ¥ μ™„λ£: A12220005 2024-1
[2025-09-25T00:09:34.601Z] A41279911 2024-2: 0μ› (μ„±κ³µλ¥ : 100.00%)
[2025-09-25T00:09:34.645Z] β… DB μ €μ¥ μ™„λ£: A41279911 2024-2
[2025-09-25T00:09:34.894Z] A14019001 2024-1: 18,578,600μ› (μ„±κ³µλ¥ : 100.00%)
[2025-09-25T00:09:34.938Z] β… DB μ €μ¥ μ™„λ£: A14019001 2024-1
[2025-09-25T00:09:35.647Z] β… μ™„λ£: μ€ν‰λ‰΄νƒ€μ΄λ°•μ„κ³ κ°μ 12λ‹¨μ§€μ•„ννΈ - 2κ°μ›” μ²λ¦¬
[2025-09-25T00:09:35.648Z] 
π“ μ²λ¦¬ μ¤‘: μ΄μ΄λ™λ¶€μ„ΌνΈλ λΉ (A14003004)
[2025-09-25T00:09:36.843Z] A12220005 2024-2: 66,197,825μ› (μ„±κ³µλ¥ : 100.00%)
[2025-09-25T00:09:36.883Z] β… DB μ €μ¥ μ™„λ£: A12220005 2024-2
[2025-09-25T00:09:37.749Z] A14003004 2024-1: 59,223,266μ› (μ„±κ³µλ¥ : 100.00%)
[2025-09-25T00:09:37.794Z] β… DB μ €μ¥ μ™„λ£: A14003004 2024-1
[2025-09-25T00:09:37.892Z] β… μ™„λ£: μ€ν‰λ‰΄νƒ€μ΄μƒλ¦Όλ§μ„1λ‹¨μ§€ - 2κ°μ›” μ²λ¦¬
[2025-09-25T00:09:37.894Z] 
π“ μ²λ¦¬ μ¤‘: μ€ν‰λ‰΄νƒ€μ΄μƒλ¦Όλ§μ„14λ‹¨μ§€ (A41279901)
[2025-09-25T00:09:38.057Z] A14019001 2024-2: 20,345,950μ› (μ„±κ³µλ¥ : 100.00%)
[2025-09-25T00:09:38.092Z] β… DB μ €μ¥ μ™„λ£: A14019001 2024-2
[2025-09-25T00:09:39.094Z] β… μ™„λ£: ν›„μ•”λ―Έμ£Ό - 2κ°μ›” μ²λ¦¬
[2025-09-25T00:09:39.095Z] 
π“ μ²λ¦¬ μ¤‘: μ©μ‚° λ‚¨μμ—­ λ΅―λ°μΊμ¬ ν—¤λ¦¬ν‹°μ§€ (A10020608)
[2025-09-25T00:09:40.069Z] A41279901 2024-1: 48,135,033μ› (μ„±κ³µλ¥ : 100.00%)
[2025-09-25T00:09:40.113Z] β… DB μ €μ¥ μ™„λ£: A41279901 2024-1
[2025-09-25T00:09:41.098Z] A14003004 2024-2: 57,552,311μ› (μ„±κ³µλ¥ : 100.00%)
[2025-09-25T00:09:41.137Z] β… DB μ €μ¥ μ™„λ£: A14003004 2024-2
[2025-09-25T00:09:41.216Z] A10020608 2024-1: 0μ› (μ„±κ³µλ¥ : 100.00%)
[2025-09-25T00:09:41.250Z] β… DB μ €μ¥ μ™„λ£: A10020608 2024-1
[2025-09-25T00:09:42.152Z] β… μ™„λ£: μ΄μ΄λ™λ¶€μ„ΌνΈλ λΉ - 2κ°μ›” μ²λ¦¬
[2025-09-25T00:09:42.159Z] 
π“ μ²λ¦¬ μ¤‘: μ΄μ΄λ™μ•„κ·Έλ¦°μ•„ννΈ (A14003006)
[2025-09-25T00:09:43.303Z] A41279901 2024-2: 47,379,262μ› (μ„±κ³µλ¥ : 100.00%)
[2025-09-25T00:09:43.356Z] β… DB μ €μ¥ μ™„λ£: A41279901 2024-2
[2025-09-25T00:09:44.360Z] β… μ™„λ£: μ€ν‰λ‰΄νƒ€μ΄μƒλ¦Όλ§μ„14λ‹¨μ§€ - 2κ°μ›” μ²λ¦¬
[2025-09-25T00:09:44.361Z] 
π“ μ²λ¦¬ μ¤‘: λ‚¨μ‚°SKλ¦¬λ”μ¤λ·° (A10088101)
[2025-09-25T00:09:44.413Z] A14003006 2024-1: 87,663,898μ› (μ„±κ³µλ¥ : 100.00%)
[2025-09-25T00:09:44.457Z] β… DB μ €μ¥ μ™„λ£: A14003006 2024-1
[2025-09-25T00:09:44.592Z] A10020608 2024-2: 0μ› (μ„±κ³µλ¥ : 100.00%)
[2025-09-25T00:09:44.629Z] β… DB μ €μ¥ μ™„λ£: A10020608 2024-2
[2025-09-25T00:09:45.644Z] β… μ™„λ£: μ©μ‚° λ‚¨μμ—­ λ΅―λ°μΊμ¬ ν—¤λ¦¬ν‹°μ§€ - 2κ°μ›” μ²λ¦¬
[2025-09-25T00:09:45.647Z] 
π“ μ²λ¦¬ μ¤‘: λ™λ¶€μ„ΌνΈλ λΉμ•„μ¤ν…λ¦¬μ›€μ„μΈ (A14070901)
[2025-09-25T00:09:46.628Z] A10088101 2024-1: 95,062,762μ› (μ„±κ³µλ¥ : 100.00%)
[2025-09-25T00:09:46.671Z] β… DB μ €μ¥ μ™„λ£: A10088101 2024-1
[2025-09-25T00:09:47.661Z] A14003006 2024-2: 88,747,456μ› (μ„±κ³µλ¥ : 100.00%)
[2025-09-25T00:09:47.702Z] β… DB μ €μ¥ μ™„λ£: A14003006 2024-2
[2025-09-25T00:09:47.940Z] A14070901 2024-1: 138,684,473μ› (μ„±κ³µλ¥ : 100.00%)
[2025-09-25T00:09:47.979Z] β… DB μ €μ¥ μ™„λ£: A14070901 2024-1
[2025-09-25T00:09:48.713Z] β… μ™„λ£: μ΄μ΄λ™μ•„κ·Έλ¦°μ•„ννΈ - 2κ°μ›” μ²λ¦¬
[2025-09-25T00:09:48.715Z] 
π“ μ²λ¦¬ μ¤‘: LGν•κ°•μμ΄ (A14003007)
[2025-09-25T00:09:49.907Z] A10088101 2024-2: 92,779,637μ› (μ„±κ³µλ¥ : 100.00%)
[2025-09-25T00:09:49.945Z] β… DB μ €μ¥ μ™„λ£: A10088101 2024-2
[2025-09-25T00:09:50.956Z] β… μ™„λ£: λ‚¨μ‚°SKλ¦¬λ”μ¤λ·° - 2κ°μ›” μ²λ¦¬
[2025-09-25T00:09:50.958Z] 
π“ μ²λ¦¬ μ¤‘: λ‚¨μ‚°λ΅―λ°μΊμ¬μ•„μ΄λ¦¬μ¤ (A10088102)
[2025-09-25T00:09:51.136Z] A14003007 2024-1: 261,387,484μ› (μ„±κ³µλ¥ : 100.00%)
[2025-09-25T00:09:51.178Z] β… DB μ €μ¥ μ™„λ£: A14003007 2024-1
[2025-09-25T00:09:51.402Z] A14070901 2024-2: 143,195,258μ› (μ„±κ³µλ¥ : 100.00%)
[2025-09-25T00:09:51.448Z] β… DB μ €μ¥ μ™„λ£: A14070901 2024-2
[2025-09-25T00:09:52.457Z] β… μ™„λ£: λ™λ¶€μ„ΌνΈλ λΉμ•„μ¤ν…λ¦¬μ›€μ„μΈ - 2κ°μ›” μ²λ¦¬
[2025-09-25T00:09:52.460Z] 
π“ μ²λ¦¬ μ¤‘: μ–΄λ°ν—λΈ μ„μΈμ¤ν…μ΄μ… (A10020656)
[2025-09-25T00:09:53.155Z] A10088102 2024-1: 136,673,541μ› (μ„±κ³µλ¥ : 100.00%)
[2025-09-25T00:09:53.199Z] β… DB μ €μ¥ μ™„λ£: A10088102 2024-1
[2025-09-25T00:09:54.316Z] A14003007 2024-2: 254,164,148μ› (μ„±κ³µλ¥ : 100.00%)
[2025-09-25T00:09:54.356Z] β… DB μ €μ¥ μ™„λ£: A14003007 2024-2
[2025-09-25T00:09:54.761Z] A10020656 2024-1: 0μ› (μ„±κ³µλ¥ : 100.00%)
[2025-09-25T00:09:54.798Z] β… DB μ €μ¥ μ™„λ£: A10020656 2024-1
[2025-09-25T00:09:55.368Z] β… μ™„λ£: LGν•κ°•μμ΄ - 2κ°μ›” μ²λ¦¬
[2025-09-25T00:09:55.369Z] 
π“ μ²λ¦¬ μ¤‘: μ΄μ΄ν•κ°•λ§¨μ… (A14003008)
[2025-09-25T00:09:56.476Z] A10088102 2024-2: 127,246,138μ› (μ„±κ³µλ¥ : 100.00%)
[2025-09-25T00:09:56.513Z] β… DB μ €μ¥ μ™„λ£: A10088102 2024-2
[2025-09-25T00:09:57.491Z] A14003008 2024-1: 137,447,799μ› (μ„±κ³µλ¥ : 100.00%)
[2025-09-25T00:09:57.515Z] β… μ™„λ£: λ‚¨μ‚°λ΅―λ°μΊμ¬μ•„μ΄λ¦¬μ¤ - 2κ°μ›” μ²λ¦¬
[2025-09-25T00:09:57.517Z] 
π“ μ²λ¦¬ μ¤‘: μμ©λ‚¨μ‚°ν”λν‹°λ„ (A10072501)
[2025-09-25T00:09:57.534Z] β… DB μ €μ¥ μ™„λ£: A14003008 2024-1
[2025-09-25T00:09:58.035Z] A10020656 2024-2: 0μ› (μ„±κ³µλ¥ : 100.00%)
[2025-09-25T00:09:58.076Z] β… DB μ €μ¥ μ™„λ£: A10020656 2024-2
[2025-09-25T00:09:59.091Z] β… μ™„λ£: μ–΄λ°ν—λΈ μ„μΈμ¤ν…μ΄μ… - 2κ°μ›” μ²λ¦¬
[2025-09-25T00:09:59.092Z] 
π“ μ²λ¦¬ μ¤‘: μ©μ‚°μ›ν¨λ£¨λ―Έλ‹ (A10023798)
[2025-09-25T00:09:59.626Z] A10072501 2024-1: 107,931,900μ› (μ„±κ³µλ¥ : 100.00%)
[2025-09-25T00:09:59.671Z] β… DB μ €μ¥ μ™„λ£: A10072501 2024-1
[2025-09-25T00:10:00.772Z] A14003008 2024-2: 126,268,292μ› (μ„±κ³µλ¥ : 100.00%)
[2025-09-25T00:10:00.820Z] β… DB μ €μ¥ μ™„λ£: A14003008 2024-2
[2025-09-25T00:10:01.691Z] A10023798 2024-1: 93,420,165μ› (μ„±κ³µλ¥ : 100.00%)
[2025-09-25T00:10:01.732Z] β… DB μ €μ¥ μ™„λ£: A10023798 2024-1
[2025-09-25T00:10:01.823Z] β… μ™„λ£: μ΄μ΄ν•κ°•λ§¨μ… - 2κ°μ›” μ²λ¦¬
[2025-09-25T00:10:01.824Z] 
π“ μ²λ¦¬ μ¤‘: μ΄μ΄λ°λ„ (A14003101)
[2025-09-25T00:10:04.829Z] A10072501 2024-2: 103,479,801μ› (μ„±κ³µλ¥ : 100.00%)
[2025-09-25T00:10:05.015Z] β… DB μ €μ¥ μ™„λ£: A10072501 2024-2
[2025-09-25T00:10:06.030Z] β… μ™„λ£: μμ©λ‚¨μ‚°ν”λν‹°λ„ - 2κ°μ›” μ²λ¦¬
[2025-09-25T00:10:06.032Z] 
π“ μ²λ¦¬ μ¤‘: λ‚¨μ‚°μ„ΌνΈλ΄μμ΄ (A10071301)
[2025-09-25T00:10:06.095Z] A14003101 2024-1: 51,436,150μ› (μ„±κ³µλ¥ : 100.00%)
[2025-09-25T00:10:06.186Z] β… DB μ €μ¥ μ™„λ£: A14003101 2024-1
[2025-09-25T00:10:06.747Z] A10023798 2024-2: 97,678,385μ› (μ„±κ³µλ¥ : 100.00%)
[2025-09-25T00:10:06.828Z] β… DB μ €μ¥ μ™„λ£: A10023798 2024-2
[2025-09-25T00:10:07.839Z] β… μ™„λ£: μ©μ‚°μ›ν¨λ£¨λ―Έλ‹ - 2κ°μ›” μ²λ¦¬
[2025-09-25T00:10:07.841Z] 
π“ μ²λ¦¬ μ¤‘: λ¦¬μ²Έμ‹μ•„μ©μ‚° (A14070301)
[2025-09-25T00:10:08.858Z] A10071301 2024-1: 57,975,909μ› (μ„±κ³µλ¥ : 100.00%)
[2025-09-25T00:10:08.907Z] β… DB μ €μ¥ μ™„λ£: A10071301 2024-1
[2025-09-25T00:10:09.508Z] A14003101 2024-2: 52,422,720μ› (μ„±κ³µλ¥ : 100.00%)
[2025-09-25T00:10:09.550Z] β… DB μ €μ¥ μ™„λ£: A14003101 2024-2
[2025-09-25T00:10:10.559Z] β… μ™„λ£: μ΄μ΄λ°λ„ - 2κ°μ›” μ²λ¦¬
[2025-09-25T00:10:10.560Z] 
π“ μ²λ¦¬ μ¤‘: μ΄μ΄λ™μ‚Όμ„±λ¦¬λ²„μ¤μ„νΈ (A14003104)
[2025-09-25T00:10:10.869Z] A14070301 2024-1: 84,285,372μ› (μ„±κ³µλ¥ : 100.00%)
[2025-09-25T00:10:11.022Z] β… DB μ €μ¥ μ™„λ£: A14070301 2024-1
[2025-09-25T00:10:12.964Z] A10071301 2024-2: 54,608,779μ› (μ„±κ³µλ¥ : 100.00%)
[2025-09-25T00:10:13.052Z] β… DB μ €μ¥ μ™„λ£: A10071301 2024-2
[2025-09-25T00:10:13.220Z] A14003104 2024-1: 64,970,145μ› (μ„±κ³µλ¥ : 100.00%)
[2025-09-25T00:10:13.258Z] β… DB μ €μ¥ μ™„λ£: A14003104 2024-1
[2025-09-25T00:10:14.066Z] β… μ™„λ£: λ‚¨μ‚°μ„ΌνΈλ΄μμ΄ - 2κ°μ›” μ²λ¦¬
[2025-09-25T00:10:14.067Z] 
π“ μ²λ¦¬ μ¤‘: μ¶©λ¬΄λ΅μ§„μ–‘ (A10086301)
[2025-09-25T00:10:14.711Z] A14070301 2024-2: 83,955,879μ› (μ„±κ³µλ¥ : 100.00%)
[2025-09-25T00:10:14.752Z] β… DB μ €μ¥ μ™„λ£: A14070301 2024-2
[2025-09-25T00:10:15.756Z] β… μ™„λ£: λ¦¬μ²Έμ‹μ•„μ©μ‚° - 2κ°μ›” μ²λ¦¬
[2025-09-25T00:10:15.758Z] 
π“ μ²λ¦¬ μ¤‘: μ©μ‚°λ”ν”„λΌμ„ (A14070302)
[2025-09-25T00:10:16.223Z] A10086301 2024-1: 29,679,620μ› (μ„±κ³µλ¥ : 100.00%)
[2025-09-25T00:10:16.292Z] β… DB μ €μ¥ μ™„λ£: A10086301 2024-1
[2025-09-25T00:10:16.633Z] A14003104 2024-2: 63,605,967μ› (μ„±κ³µλ¥ : 100.00%)
[2025-09-25T00:10:16.677Z] β… DB μ €μ¥ μ™„λ£: A14003104 2024-2
[2025-09-25T00:10:17.685Z] β… μ™„λ£: μ΄μ΄λ™μ‚Όμ„±λ¦¬λ²„μ¤μ„νΈ - 2κ°μ›” μ²λ¦¬
[2025-09-25T00:10:17.687Z] 
π“ μ²λ¦¬ μ¤‘: ν•κ°•λ€μ° (A14003105)
[2025-09-25T00:10:17.901Z] A14070302 2024-1: 154,368,339μ› (μ„±κ³µλ¥ : 100.00%)
[2025-09-25T00:10:17.933Z] β… DB μ €μ¥ μ™„λ£: A14070302 2024-1
[2025-09-25T00:10:19.447Z] A10086301 2024-2: 31,186,348μ› (μ„±κ³µλ¥ : 100.00%)
[2025-09-25T00:10:19.491Z] β… DB μ €μ¥ μ™„λ£: A10086301 2024-2
[2025-09-25T00:10:19.849Z] A14003105 2024-1: 121,325,770μ› (μ„±κ³µλ¥ : 100.00%)
[2025-09-25T00:10:19.892Z] β… DB μ €μ¥ μ™„λ£: A14003105 2024-1
[2025-09-25T00:10:20.502Z] β… μ™„λ£: μ¶©λ¬΄λ΅μ§„μ–‘ - 2κ°μ›” μ²λ¦¬
[2025-09-25T00:10:20.504Z] 
π“ μ²λ¦¬ μ¤‘: μ¶©λ¬΄λ΅μ—ν¬λ£¨λ©”νΈλ΅μ‹ν‹°2 (A10025223)
[2025-09-25T00:10:21.224Z] A14070302 2024-2: 155,198,959μ› (μ„±κ³µλ¥ : 100.00%)
[2025-09-25T00:10:21.257Z] β… DB μ €μ¥ μ™„λ£: A14070302 2024-2
[2025-09-25T00:10:22.270Z] β… μ™„λ£: μ©μ‚°λ”ν”„λΌμ„ - 2κ°μ›” μ²λ¦¬
[2025-09-25T00:10:22.272Z] 
π“ μ²λ¦¬ μ¤‘: μ‹ μ°½μ„Έλ°©λ¦¬λ²„ν•μ΄λΉ (A14006001)
[2025-09-25T00:10:22.636Z] A10025223 2024-1: 20,885,663μ› (μ„±κ³µλ¥ : 100.00%)
[2025-09-25T00:10:22.675Z] β… DB μ €μ¥ μ™„λ£: A10025223 2024-1
[2025-09-25T00:10:23.116Z] A14003105 2024-2: 120,332,400μ› (μ„±κ³µλ¥ : 100.00%)
[2025-09-25T00:10:23.145Z] β… DB μ €μ¥ μ™„λ£: A14003105 2024-2
[2025-09-25T00:10:24.150Z] β… μ™„λ£: ν•κ°•λ€μ° - 2κ°μ›” μ²λ¦¬
[2025-09-25T00:10:24.151Z] 
π“ μ²λ¦¬ μ¤‘: μ΄μ΄κ°•μ΄μ•„ννΈ (A14003106)
[2025-09-25T00:10:24.445Z] A14006001 2024-1: 25,057,751μ› (μ„±κ³µλ¥ : 100.00%)
[2025-09-25T00:10:24.480Z] β… DB μ €μ¥ μ™„λ£: A14006001 2024-1
[2025-09-25T00:10:26.068Z] A10025223 2024-2: 21,086,019μ› (μ„±κ³µλ¥ : 100.00%)
[2025-09-25T00:10:26.124Z] β… DB μ €μ¥ μ™„λ£: A10025223 2024-2
[2025-09-25T00:10:26.291Z] A14003106 2024-1: 126,094,747μ› (μ„±κ³µλ¥ : 100.00%)
[2025-09-25T00:10:26.326Z] β… DB μ €μ¥ μ™„λ£: A14003106 2024-1
[2025-09-25T00:10:27.127Z] β… μ™„λ£: μ¶©λ¬΄λ΅μ—ν¬λ£¨λ©”νΈλ΅μ‹ν‹°2 - 2κ°μ›” μ²λ¦¬
[2025-09-25T00:10:27.128Z] 
π“ μ²λ¦¬ μ¤‘: μ„Έμ΄ν‘Έλ¥΄μ§€μ¤ν—¤λ¦¬μ‹ν‹° (A10023352)
[2025-09-25T00:10:27.643Z] A14006001 2024-2: 22,428,147μ› (μ„±κ³µλ¥ : 100.00%)
[2025-09-25T00:10:27.675Z] β… DB μ €μ¥ μ™„λ£: A14006001 2024-2
[2025-09-25T00:10:28.676Z] β… μ™„λ£: μ‹ μ°½μ„Έλ°©λ¦¬λ²„ν•μ΄λΉ - 2κ°μ›” μ²λ¦¬
[2025-09-25T00:10:28.678Z] 
π“ μ²λ¦¬ μ¤‘: ν•κ°•νƒ€μ΄ (A14004001)
[2025-09-25T00:10:29.272Z] A10023352 2024-1: 64,022,668μ› (μ„±κ³µλ¥ : 100.00%)
[2025-09-25T00:10:29.320Z] β… DB μ €μ¥ μ™„λ£: A10023352 2024-1
[2025-09-25T00:10:29.519Z] A14003106 2024-2: 130,161,785μ› (μ„±κ³µλ¥ : 100.00%)
[2025-09-25T00:10:29.554Z] β… DB μ €μ¥ μ™„λ£: A14003106 2024-2
[2025-09-25T00:10:30.558Z] β… μ™„λ£: μ΄μ΄κ°•μ΄μ•„ννΈ - 2κ°μ›” μ²λ¦¬
[2025-09-25T00:10:30.559Z] 
π“ μ²λ¦¬ μ¤‘: ν•κ°€λμ•„ννΈ (A14072701)
[2025-09-25T00:10:30.826Z] A14004001 2024-1: 0μ› (μ„±κ³µλ¥ : 100.00%)
[2025-09-25T00:10:30.857Z] β… DB μ €μ¥ μ™„λ£: A14004001 2024-1
[2025-09-25T00:10:32.448Z] A10023352 2024-2: 66,659,157μ› (μ„±κ³µλ¥ : 100.00%)
[2025-09-25T00:10:32.496Z] β… DB μ €μ¥ μ™„λ£: A10023352 2024-2
[2025-09-25T00:10:33.026Z] A14072701 2024-1: 240,306,440μ› (μ„±κ³µλ¥ : 100.00%)
[2025-09-25T00:10:33.058Z] β… DB μ €μ¥ μ™„λ£: A14072701 2024-1
[2025-09-25T00:10:33.508Z] β… μ™„λ£: μ„Έμ΄ν‘Έλ¥΄μ§€μ¤ν—¤λ¦¬μ‹ν‹° - 2κ°μ›” μ²λ¦¬
[2025-09-25T00:10:33.509Z] 
π“ μ²λ¦¬ μ¤‘: μΈν„μ‹ μ„± (A10028201)
[2025-09-25T00:10:34.185Z] A14004001 2024-2: 0μ› (μ„±κ³µλ¥ : 100.00%)
[2025-09-25T00:10:34.223Z] β… DB μ €μ¥ μ™„λ£: A14004001 2024-2
[2025-09-25T00:10:35.225Z] β… μ™„λ£: ν•κ°•νƒ€μ΄ - 2κ°μ›” μ²λ¦¬
[2025-09-25T00:10:35.231Z] 
π“ μ²λ¦¬ μ¤‘: μ€ν‰λ‰΄νƒ€μ΄μƒλ¦Όλ§μ„11λ‹¨μ§€ (A41279907)
[2025-09-25T00:10:35.909Z] A10028201 2024-1: 22,233,159μ› (μ„±κ³µλ¥ : 100.00%)
[2025-09-25T00:10:35.948Z] β… DB μ €μ¥ μ™„λ£: A10028201 2024-1
[2025-09-25T00:10:36.229Z] A14072701 2024-2: 244,439,496μ› (μ„±κ³µλ¥ : 100.00%)
[2025-09-25T00:10:36.265Z] β… DB μ €μ¥ μ™„λ£: A14072701 2024-2
[2025-09-25T00:10:37.270Z] β… μ™„λ£: ν•κ°€λμ•„ννΈ - 2κ°μ›” μ²λ¦¬
[2025-09-25T00:10:37.271Z] 
π“ μ²λ¦¬ μ¤‘: ν•λ‚¨μ•„μ΄νν¬ (A10027071)
[2025-09-25T00:10:37.393Z] A41279907 2024-1: 21,769,876μ› (μ„±κ³µλ¥ : 100.00%)
[2025-09-25T00:10:37.436Z] β… DB μ €μ¥ μ™„λ£: A41279907 2024-1
[2025-09-25T00:10:39.097Z] A10028201 2024-2: 24,702,961μ› (μ„±κ³µλ¥ : 100.00%)
[2025-09-25T00:10:39.140Z] β… DB μ €μ¥ μ™„λ£: A10028201 2024-2
[2025-09-25T00:10:39.401Z] A10027071 2024-1: 40,538,180μ› (μ„±κ³µλ¥ : 100.00%)
[2025-09-25T00:10:39.443Z] β… DB μ €μ¥ μ™„λ£: A10027071 2024-1
[2025-09-25T00:10:40.146Z] β… μ™„λ£: μΈν„μ‹ μ„± - 2κ°μ›” μ²λ¦¬
[2025-09-25T00:10:40.148Z] 
π“ μ²λ¦¬ μ¤‘: νμ¤ν…μ΄νΈ λ‚¨μ‚° (A10022761)
[2025-09-25T00:10:40.669Z] A41279907 2024-2: 21,899,871μ› (μ„±κ³µλ¥ : 100.00%)
[2025-09-25T00:10:40.721Z] β… DB μ €μ¥ μ™„λ£: A41279907 2024-2
[2025-09-25T00:10:41.721Z] β… μ™„λ£: μ€ν‰λ‰΄νƒ€μ΄μƒλ¦Όλ§μ„11λ‹¨μ§€ - 2κ°μ›” μ²λ¦¬
[2025-09-25T00:10:41.723Z] 
π“ μ²λ¦¬ μ¤‘: μ€ν‰λ‰΄νƒ€μ΄ μƒλ¦Όλ§μ„3λ‹¨μ§€ (A41279908)
[2025-09-25T00:10:42.323Z] A10022761 2024-1: 0μ› (μ„±κ³µλ¥ : 100.00%)
[2025-09-25T00:10:42.364Z] β… DB μ €μ¥ μ™„λ£: A10022761 2024-1
[2025-09-25T00:10:42.629Z] A10027071 2024-2: 42,570,010μ› (μ„±κ³µλ¥ : 100.00%)
[2025-09-25T00:10:42.669Z] β… DB μ €μ¥ μ™„λ£: A10027071 2024-2
[2025-09-25T00:10:43.684Z] β… μ™„λ£: ν•λ‚¨μ•„μ΄νν¬ - 2κ°μ›” μ²λ¦¬
[2025-09-25T00:10:43.685Z] 
π“ μ²λ¦¬ μ¤‘: μ€ν‰λ‰΄νƒ€μ΄λ§κ³ μ •3λ‹¨μ§€ (A41279912)
[2025-09-25T00:10:43.843Z] A41279908 2024-1: 33,920,494μ› (μ„±κ³µλ¥ : 100.00%)
[2025-09-25T00:10:43.893Z] β… DB μ €μ¥ μ™„λ£: A41279908 2024-1
[2025-09-25T00:10:45.684Z] A10022761 2024-2: 32,460,489μ› (μ„±κ³µλ¥ : 100.00%)
[2025-09-25T00:10:45.733Z] β… DB μ €μ¥ μ™„λ£: A10022761 2024-2
[2025-09-25T00:10:45.826Z] A41279912 2024-1: 77,345,456μ› (μ„±κ³µλ¥ : 100.00%)
[2025-09-25T00:10:45.868Z] β… DB μ €μ¥ μ™„λ£: A41279912 2024-1
[2025-09-25T00:10:46.735Z] β… μ™„λ£: νμ¤ν…μ΄νΈ λ‚¨μ‚° - 2κ°μ›” μ²λ¦¬
[2025-09-25T00:10:46.736Z] 
π― λ°°μΉ μμ§‘ μ™„λ£
[2025-09-25T00:10:46.737Z] π“ μ΄ μ²λ¦¬: 100κ±΄
[2025-09-25T00:10:46.738Z] π’Ύ μ €μ¥ μ„±κ³µ: 100κ±΄
[2025-09-25T00:10:46.739Z] β μ—λ¬: 0κ±΄
[2025-09-25T00:10:46.740Z] π“ λ΅κ·Έ νμΌ: E:\aegis_dx\reference\aptinfo\batch-collection-2025-09-25.log
[2025-09-25T00:10:46.740Z] λ°°μΉ μμ§‘ μ¤ν¬λ¦½νΈ μ™„λ£
[2025-09-25T00:10:47.031Z] A41279908 2024-2: 32,208,848μ› (μ„±κ³µλ¥ : 100.00%)
[2025-09-25T00:10:47.067Z] β… DB μ €μ¥ μ™„λ£: A41279908 2024-2
[2025-09-25T00:10:48.069Z] β… μ™„λ£: μ€ν‰λ‰΄νƒ€μ΄ μƒλ¦Όλ§μ„3λ‹¨μ§€ - 2κ°μ›” μ²λ¦¬
[2025-09-25T00:10:48.071Z] 
π“ μ²λ¦¬ μ¤‘: μ‚°μ²λ¦¬λ²„νμ 2 (A14076401)
[2025-09-25T00:10:49.125Z] A41279912 2024-2: 84,489,016μ› (μ„±κ³µλ¥ : 100.00%)
[2025-09-25T00:10:49.171Z] β… DB μ €μ¥ μ™„λ£: A41279912 2024-2
[2025-09-25T00:10:50.180Z] β… μ™„λ£: μ€ν‰λ‰΄νƒ€μ΄λ§κ³ μ •3λ‹¨μ§€ - 2κ°μ›” μ²λ¦¬
[2025-09-25T00:10:50.182Z] 
π“ μ²λ¦¬ μ¤‘: λ¶ν•κ°•μ„±μ›μ•„ννΈ (A14072901)
[2025-09-25T00:10:50.181Z] A14076401 2024-1: 20,777,518μ› (μ„±κ³µλ¥ : 100.00%)
[2025-09-25T00:10:50.215Z] β… DB μ €μ¥ μ™„λ£: A14076401 2024-1
[2025-09-25T00:10:52.314Z] A14072901 2024-1: 41,375,201μ› (μ„±κ³µλ¥ : 100.00%)
[2025-09-25T00:10:52.347Z] β… DB μ €μ¥ μ™„λ£: A14072901 2024-1
[2025-09-25T00:10:53.326Z] A14076401 2024-2: 21,130,781μ› (μ„±κ³µλ¥ : 100.00%)
[2025-09-25T00:10:53.371Z] β… DB μ €μ¥ μ™„λ£: A14076401 2024-2
[2025-09-25T00:10:54.378Z] β… μ™„λ£: μ‚°μ²λ¦¬λ²„νμ 2 - 2κ°μ›” μ²λ¦¬
[2025-09-25T00:10:54.379Z] 
π― λ°°μΉ μμ§‘ μ™„λ£
[2025-09-25T00:10:54.380Z] π“ μ΄ μ²λ¦¬: 100κ±΄
[2025-09-25T00:10:54.380Z] π’Ύ μ €μ¥ μ„±κ³µ: 100κ±΄
[2025-09-25T00:10:54.382Z] β μ—λ¬: 0κ±΄
[2025-09-25T00:10:54.382Z] π“ λ΅κ·Έ νμΌ: E:\aegis_dx\reference\aptinfo\batch-collection-2025-09-25.log
[2025-09-25T00:10:54.383Z] λ°°μΉ μμ§‘ μ¤ν¬λ¦½νΈ μ™„λ£
[2025-09-25T00:10:55.492Z] A14072901 2024-2: 41,233,290μ› (μ„±κ³µλ¥ : 100.00%)
[2025-09-25T00:10:55.522Z] β… DB μ €μ¥ μ™„λ£: A14072901 2024-2
[2025-09-25T00:10:56.529Z] β… μ™„λ£: λ¶ν•κ°•μ„±μ›μ•„ννΈ - 2κ°μ›” μ²λ¦¬
[2025-09-25T00:10:56.531Z] 
π“ μ²λ¦¬ μ¤‘: μ λ³΄ (A14077401)
[2025-09-25T00:10:58.707Z] A14077401 2024-1: 0μ› (μ„±κ³µλ¥ : 100.00%)
[2025-09-25T00:10:58.737Z] β… DB μ €μ¥ μ™„λ£: A14077401 2024-1
[2025-09-25T00:11:03.438Z] A14077401 2024-2: 0μ› (μ„±κ³µλ¥ : 100.00%)
[2025-09-25T00:11:03.574Z] β… DB μ €μ¥ μ™„λ£: A14077401 2024-2
[2025-09-25T00:11:04.583Z] β… μ™„λ£: μ λ³΄ - 2κ°μ›” μ²λ¦¬
[2025-09-25T00:11:04.584Z] 
π― λ°°μΉ μμ§‘ μ™„λ£
[2025-09-25T00:11:04.587Z] π“ μ΄ μ²λ¦¬: 100κ±΄
[2025-09-25T00:11:04.588Z] π’Ύ μ €μ¥ μ„±κ³µ: 100κ±΄
[2025-09-25T00:11:04.589Z] β μ—λ¬: 0κ±΄
[2025-09-25T00:11:04.591Z] π“ λ΅κ·Έ νμΌ: E:\aegis_dx\reference\aptinfo\batch-collection-2025-09-25.log
[2025-09-25T00:11:04.592Z] λ°°μΉ μμ§‘ μ¤ν¬λ¦½νΈ μ™„λ£
